i do not see in the country 's précepteur role as could be springer and i do not want to be part of these international leagues like the time , these companies have become far too important .
, full
anything you want to beauty and welfare , near .
such is the target quesemble having el confederation inglés just introduced in the commercial centre of multidisciplinary callao , madrid , an area of more than 1,000 m2 , dedicated to the care and attentiondu bodies .
the spa , situated on the eighth floor , houses enseignes prestigious as hedonai , specialist in épilation laser , spaxion , with its relaxation rooms and cosmetic treatments , luis & tachi hairdressers , marina gold , with a sport hall , or occitan cosmetic and its natural , among others .
there is as much , with a particular food tea shop , which is more than 130 different kinds .
spaxion propose them to enjoy a massage relaxant exceptional with your companion , while looking views on the capital , and praise for two hours the relax area to get your own " beauty party " with eight of your friends , and you relaxer thanks to a session of jacuzzi , massages while drinking a cup of champagne .
in total , 250 m2 divided into 12 rooms where you can get care of the face , the most innovative and hydrothérapie body .
, such as the cavitation to combat cellulite and vibrant platforms .
the sport has room for these devices , as well as virtual " trainers " guiding the customers , offering them fully personalised treatment .
starts with the introduction of personal code on a screen tactile , situated in front of the plane .
several video shows how do our programme of action properly .
its director is only 15 minutes - including échauffement and étirements - , enough to work all the muscles of the body .
and , if having been keeping our bodies , we want to go through the hairdressing salon , teaches luis & tachi has room where the proposal of rituals to repair a hair , or nutrition , personalised daylight .
innovation and urban exclusive appear to have been the watchwords of the spa , which is open every day of the year of 10h 22h .
décolletés apart
christmas and there is no harm to study the look of the stars to adapt it to the garde-robe celebration .
the form of décolleté very important to highlight the size , is one that we must take into account variables .
here are a few suggestions .
the singer fergie has chosen a décolleté exaggeration and very difficult . it is not advisable .
endesa and barcelona , has an electric car
electricity company , endesa , together with the ayuntamiento barcelona , has created " oficina live . "
there is a project to develop and promote the electric car in the catalan capital .
" oficina live as logistics in establishing electric vehicles define and coordinate the roadmap for the establishment of the electric car in the city and will implement agreements on mobility , through steps to coordinate with subsidies and so on .
moreover , developing the project movele , promote the electric car , is the opinion and the work of the sectors .
eventually , the idea is to what will transport of the future .
3 , electric cities "
but barcelona is not the only city will be involved in the building of an electric car in spain .
madrid and seville are to join the project .
the three cities selected by the government within the framework of the plan movele , to start the establishment of the electric car .
electricity company , endesa has signed a framework agreement with the generalitat catalonia .
it aims to promote research and technology development in the autonomous region of catalonia .
these are the energy activities , especially the energy efficiency .
this is not the only initiative involved endesa on promoting the electric car .
the company takes part in groups to standardize at european level and further in a series of projects as the g4v elvire or cenit verde .
zapatero sees a future of peace " in the field of engine
the head of the government , jose luis rodríguez zapatero , sees a future of peace for the spanish car industry , which , he said , is the country 's main export sector .
during the presentation of the president of the government 's economic report for 2009 , zapatero said the measures taken by the executive of the year to support the automotive sector .
" without a plan for the automotive industry competitive today , we would have a landscape of abandonment , closure of some of our key manufacturing sites , " said the president of the government .
" with this plan and the brands ' decision to stay in spain , in a highly competitive sector , we can look forward to a future of peace for the future of the industry , which is the main export sector , " he added .
in this respect , he pointed out that the plan of competitiveness , included in the plan full automotive - member , has spent 800 million euros to the plans of 19 manufacturers and 137 auxiliary businesses , which have used an investment of more than 3 billion euros .
the chief executive said the investment was for the development of new models to the modernization of existing products and processes .
zapatero has also stressed the government measures to support the request , to 2000e plan , developed in collaboration with the autonomous communities and the car companies .
according to the president , it has reduced to 6 % average emissions from new cars sold in the spanish market and have contributed to a sharp rise of immatriculations , which grew by 40 percent in november .
twenty thousand square metres of vintage cars
madrid hosts the first edition of the internationaldes cars exhibition collection , an area of meeting for professionals and heated engine of the world .
this initiative will rise from 5 to 7 february 2010 at casa de campo pabellón ball in madrid .
ils' exposure is an area of 20,000 square metres , where there are more than exposants national and international .
we can not only to find effect and car collection , but it will also classicauto madrid engine articles in any way connected to the world .
and , in exposants flag , we can find props , spare parts , components and accessories textiles , miniature , reviewed , and supplements .
hundreds of items related to the world of motor collection will happiness and curious collectors , however .
among the companies involved , we will , among other things , clásicos mos and good old times , specialists in car sales , juan lumbreras , restaurants , coupe-francisco pueche sale and restoration of automobiles , or cochera clásicos mercedes benz specialist .
aptitude test outside
but the parallel trade in this show will also include activities : gatherings , exhibitions , aptitude tests , presentations and sports competitions .
aptitude tests with cars and the effect of upgraded collection will also take place on a course outside the park displays .
mazda3 i-stop , sustainable sporting spirit
mazda will prove a sporting spirit is not angry with respect to the environment .
for this purpose , it has to incorporate the mazda3 and arrest the system to start the engine , called i-stop , an arrangement that , at least for the moment , there is the 2.0 gasoline engine of 150 horses .
this second generation of mazda3 illustrates the note that it has achieved in full .
details , the revision of the vehicle , the habitabilité behaviour , mechanics , the system i-stop ...
all of these are outstanding on the new mazda3 .
starting with the driving position , it appears that the seats fronts have ergonomie and establish good .
the reach of the wheel is nice .
by continuing with all formed by the management and control both the equipment , we see how mazda continued along the tendency to create an internal futuristic design , with many japanese buttons and orders , as well as vivid colors red and blue .
this reminds us style , in part , the honda civic .
so we can say that both the mazda3 and civic , both japan contrast with moderation of german products , especially with the volkswagen golf , which all want to overcome .
in keeping with the compact , the japanese car shop is habitabilité more than enough for four adults to travel with a higher level of comfort .
added to this great trunk to regular forms .
engine arrest and start automatic system , at least for now , is available on the gasoline engine two litres and 150 horses and manuel change six speeds .
this engine is a true joy . it shows by its delicacy , low noise , benefits and the control of its consumption .
in fact , although the most requested mazda3 diesel models , those who do not carry out a large number of miles per year should not exclude this i-stop with engine speed petrol , both for his great comfort that controlled for consumption .
concerning the equipment , the chosen for the test model is the sport , meaning that has the largest number of elements of " series .
series of equipment , the assistant to change of road - rvm that removes one death , the speed traction and stability control , the regulator , the internal photosensible mirror , the computer on board on a large screen size , the independent parking sensors , air conditioning , the rain and light , the capteur bluetooth and audio , as well as the wheels of the bluetooth alignment of 17 inches , are particularly noteworthy .
moreover , as if this equipment is not enough , this version had the pack premium for 1,500 euros , include elements of adaptive headlights bi-xénon disc audio system and bose with charger .
more
the mazda3 2.0 i-stop was one of the best cars compactes category .
it shows in particular on the quality of the materials used by his behavior and its high standard equipment .
moreover , those who do not perform many miles per year will opt for the i-stop involved only the gasoline engine version 2.0 of 150 horses .
the only drawback of this model is its cost , which is between 21 770 euros for finishing luxury and 23 270 euros for the tested , the sports model .
in return for the large sum , the mazda3 every day we provide a high degree of satisfaction .
" first luxury
l.a. is the red carpet sensualité embodied in penélope cruz , nicole kidman and fergie .
the stars have blinded , now more than ever vêtues models as elegant as sexys for the release of nine - photos : gtresonline .
our ep , as sophisticated as used had opted for a " lady " bleak .
the fonpeek promise
peek is extremely limited , it is a system which allows only to watch his email alone , without the opportunity to see some type of coins attached or surf the internet .
he profita about five minutes of glory to the united states , when the désigna magazine as one of the products of this year .
in truth , it is difficult to see in the streets , but it seems interesting , especially for young people .
unlike smart phones , peek offered a low price and a monthly subscription is less than half of the costs , for example , the subscription data iphone .
given his success , the company has launched two new devices : designed exclusively for twitter , one with a free service life of data , six times more than the peek .
fonpeek presented yesterday in the event it is the european version of invention and third incarnation .
it is so limited that the american grand-frère , but has come as a surprise .
the price of its monthly subscription , some 12 euros , including roaming across europe .
those who travel with a smartphone know what represents the abandonment of data when you cross the border or seek desperately a cafeteria on the wifi - or a connection of fon to check his post .
the idea of roaming at a fixed price is extremely attractive and for a long time that it should work .
indeed , some companies have special arrangements and travel options , but as far as i am concerned , i would need to have a thesis physics for the understanding and good glasses to read the fine print .
repeated calls to order from the european commission to offer affordable prices for roaming across europe were a barely perceptible effect .
outside their country of origin , is reluctant to use the data , and was right .
as a small plane as fonpeek - it is strange that he is called fon when he does not possess the wifi - offer this kind of tariffs , means that operators are starting to think differently and study various proposals to increase their computer network .
kindle is another example , it includes downloading of books and other research on the internet .
free subscription and together .
it is a device connected and it pays on its purchase and not every month .
and that is what i hope one day to see fonpeek : an option to purchase with access to life as peek says in the united states .
that i want to buy .
i see my mail on my phone , thank you .
i would simply because i believe it is a fair formula for the consumer .
it would be interesting to see a computer with the system .
the favourite colour michelle
the yellow , without a doubt , the favourite colour of the united states ' first lady .
if it went to the assumption of office of barack obama in the presidency of the united states with a habit ' and a coat of this color , indeed , she chose the same to accompany him in the second stage , without doubt , the most important of his life in oslo : the award of the nobel peace prize .
michelle obama was a very similar model on both occasions : besides colour yellow ressemblante , a shooting towards the green with bright , both times , the views held consists of three parts : the habit ' , jacket and , at the same , tissue and coats ornée of great broderie or a string .
so that a first glance , it seems that the first lady of the united states to the aftermath of princess of asturias and chose to put the same place .
but the web for carved up two sets makes them very different .
if the assumption of office , it was a dentelle thick , but it was printed in oslo a velvet .
the accessories are different : green products to heel means for the first golden opportunity , and a similar model , but this time .
hairdressing it has changed : hair are faced when it was down the last time .
75 % of professional working mothers had problems due to their babies
discrimination at work has grown in recent years , particularly for young people who want to be mothers for women .
that reveals the study fertility and professional women in spain , " conducted by the csic together with the instituto de mujer .
the survey , conducted on 9 737 women 15 to 75 , leaves no room for doubt : 75 percent of working mothers have seen their careers restricted because of the babies .
the study indicates that there are many differences on the start of the couple living and the number of children , whether or not the woman is occupied and the kind of job .
those who do not work outside the home , work part time or have a stable job shortly , reached earlier in a partnership , and have more children have their first pregnancy earlier .
however , women who have a stable job , mostly in the public sector , postpone entering the couple living and the first pregnancy , and having fewer children .
women aged between 35 and 49 with fixed work have their first child , on average , 3.7 years after having built in couple . that figure rises to 4.1 among those who work in the public sector . " these data show that women have a stable job requiring more time in their lives for that , which led them to reject the union and the arrival of the children .
more broadly , the type of job wielded influence the maternity leave , but less date of cohabitation , " explains the csic chercheuse margarita delgado .
the level of education is another factor widening the gap in the age of marriage women and their first child .
according to the investigation , the higher the level of education , they marient and have their first child later .
difference remains among the women of the same generation .
for example , in the group with between 35 and 49 years , those who are educated elementary and higher mothers were respectively for the first time in 25,1 and 32,1 years on average .
" another disctinction appears among women , according to their study .
while those who carry out the basic studies marient and have their first child had to find a stable job , those studies of average level or above reverse it and give priority to obtain a stable work as a condition for marriage and the arrival of a child , " says mrs delgado .
diane kruger also is good
the cosmetic paris has added a new name to the list jalousée ambassadors , diane kruger .
from next year , the german actress will embody the image of a number of the brand products , entonnant universal the motto " because i am worth " .
the protagonist of merry christmas , one of the most elegant players on the international scene , has just joined other celebrities included in the cosmetic paris , as linda evangelista , jane founded andie macdowell , eva longoria and spanish penélope cruz .
before it , the last to enter such a select club have been players evangeline lilly , lost and freida pinto , this millonaire .
among men , the luxury brand cosmetics account ambassadors , patrick dempsey - dre grey , anatomy lesson and matthew fox , the companion of evangeline lost .
the cost of british fashion
they have a lot to say about the world of fashion .
his greatest representatives , generators and models , yesterday and today , gathered for the annual award cost , which took place in london at the royal court of justice .
nobody missed the opportunity .
the former mannequin jerry hall and daughter , georgia may jagger , better mannequin elected this year .
poker for manuel vincent as
manuel vincent is in poquer ases alfaguara as examples of fernando vicente , thirty " radiographies " writers who have crossed his literary life - and sometimes , another life .
it does not according to gender , predictable and apprehended , short biographique , life and work , but in something like the core ignition of character created .
the trip is exciting and vincent savings or scares neither the illuminations .
delicious fun , this book is moving an invitation to institutions and relectures .
you have a snapshot .
on albert camus ' in its pages , i discovered that the mediterranean sea was not a physical , but a spiritual pulsion almost my experience , that even without the name : the pleasure against the sad fate , morals without guilt and innocence no god . "
on samuel beckett , nihilistic christian allégorique , he wrote what he had in blood , not in the head , among impotence and ignorance , with a splendid poetic humour , fierce meaningless , like the sword of the knife that failed the killing . "
on graham greene : " our man was inspired by her passion that lasted 13 years , in the flesh of it conjugua emotion of adultery in a spiritual joy of compunction , a privilege that was to reach the sky by the road to perdition . "
on james joyce : " ulysses was published in paris in 1922 by sylvia beach . it is one of eight thousand metres summits of world literature , to climb in the north , where the best alpinistes dropping still made . "
about william faulkner : " it was a strange sort .
sometimes by itself , he said it was the heir to a landowner county and others that he was the son of a black and a crocodile .
both dreams were great . "
on louis-ferdinand céline : " this writer recueillit what it has moved from a bridge by this figure of munch for his response to the bottom of the night of the 20th century , in its literary form , as he did in the flight of and violent after the fact with a speech on the asticots . "
on dorothy parker : " one day it began to its knees and prayed : " dear god , i urge you to do that i always write as a woman . "
on joseph conrad , " on his tomb were set to spenser : " sleep after the effort , and after the storm , the port , and the rest after the war , and after the life , tired death are pleased with . "
on virginia wolf " in her luggage were also his depression .
her husband was very normally replies , " eduard vii épiait between the azalées or birds chantaient greek .
has never seen such a patient man and lovers of literary neurotic whose talent was madness . "
on pío baroja : ' did martín-santos except to try to hide joyce in baroja ?
that sought benet except to fusiller faulkner baroja ?
that made it if it is to seek the glory of him so that he used to grace ? "
this cowardly attack
last week , my mother , which has around 70 years , promenait fuenlabrada in our district of the city , when a group of young people aged between 15 and 18 rose next to it and the dog , a sang-mélé , saved the spa and weighing no more than six kilos , and without saying a word , they assenèrent feet who grew the dog seriously injured two birds .
outrage is great because we do not see that there are amusing defenceless free to attack a small animal , moreover , was on a leash .
this is in addition to the outrage by a lady promenait calmly and , when it came to fear for injuria individuals physical integrity as a énergumène attacking an animal is capable of doing the same thing to a woman , a child , a ' or ultimately anyone lower than him .
" came at around 5 p.m. , tuesday as another episode , in an area normally quiet .
the dog gémi throughout the day .
of course , we have submitted a complaint to the station even though we doubt that it serves district of little and not to touch the sensitivities , we just want to clarify that cowards murderers were spanish .
indignation has led to denounce it .
we do not understand what is happening for young people to find amusing to mistreat defenceless free an animal which gives us the love , friendship and keeps us company .
we do not know where is the high education and respect for animals and people .
michelin and fesvial sets for the port 's helmet
the tyre manufacturer michelin , together with the spanish foundation for road safety , fesvial , has launched a campaign to encourage the use of helmet , mainly among motorcyclists youngsters like said today the two bodies .
the initiative aims to raise awareness of the importance of wearing the helmet , since it is the only part of protection to avoid head injuries , or even death , in an accident in two wheels .
michelin said that the campaign was in keeping with his commitment to road safety , which goes beyond the design and manufacture of products more secure " and said it helped to this goal by other educational activities and informative .
this new campaign encouraging the port 's helmet on two wheels , under the slogan " to be but not to be , " a first stage in which include posters will be distributed in more than 500 garages effect , in order to guarantee the widest spread .
finally , michelin said that road safety is a constant concern for the company as tyre manufacturer vehicles on two wheels , one of its main objectives is to develop more products safe .
sales of light commercial vehicles advance
nearly two years after the light commercial vehicle market start to see some light at the end of the tunnel .
the 9 425 vehicles registered in november in spain is an increase of 12.6 percent in 2008 and , more importantly , they represent the first increase after 22 consecutive month of decline , according to estimates by the patronal manufacturers association anfac and ganvam , the dealers .
however , we need to balance the good news , as a reference for the comparison , the november 2008 , was particularly bad , with a reduction of 60 percent compared with the previous year .
therefore , despite the events of the last month , the immatriculations accumulated in the 11 months are 40 percent less than those of the previous year .
since january , if you add all vehicles entering the category of light commercial vehicles - derived from cars , vans , pick-up fourgons light and light trucks with windows 95 853 have been sold .
high clouds that affect their request did not disappear . in fact , despite being bought by individuals , most of the purchases are made by small and medium enterprises , who pay in nearly 100 % with external funding .
as more involved by restricting credit restrictions , it should add other factors such as the rise in the unemployment rate and the continuation of the bad economic situation .
faced with this situation , unlike the cars , aid to the purchase of the 2000e were used .
as well as individuals , independent and those who wish to acquire a commercial vehicle slightly less than 3.5 tonnes with a level of carbon dioxide emissions , which does not exceed 160 grams per kilometer , can also benefit , but the number of operations speaks for itself .
yesterday , in ganvam , it recalled once again the need for the government to pay special attention to these vehicles and industrial vehicles , trucks and buses .
the dealers ' association provides a 2010 similar to that end , for which it is falling sales , from cars and the suv 19 % .
the emergency brake is now required aid
as has occurred with the system anti-lock restrictions abs and it will take place with the esp stability control systems to help the emergency brake compulsory will form part of the european cars .
mandatory are already on the newly licensed passenger cars and light commercial vehicles , while the rest of a period of vehicles has been set up at the end of february 2011 .
the measure , imposed by the european union , is intended to strengthen the protection of pedestrians , although action , by the way , it can also help prevent many blows back .
the assistant to the emergency brake is increasing pressure on the emergency brakes detected by the system through shot in the foot of the driver .
but it has not always pressure until the end .
according to a study by the manufacturer of car components bosch , a third drivers involved in an accident did not rely on the brakes before the collision , and half of them did not benefit from its full force .
until 1 hundred accidents
intervention of aid , revancha , requires maximum braking system , cutting the distance which needed to stop the car .
according to a study by the eu , if all vehicles were equipped with this type of points , up to 1 100 pedestrian accidents in which are involved could be prevented each year .
this reduction would be even more with the ' popularisation of smart emergency braking systems : it is a sinister on four with the injured would be avoided .
in this case , the vehicle is equipped with a system that with a radar or a camera , detect obstacles and prevents the driver in addition to slightly on the brakes .
if the driver is applied , it helps increasing the pressure on the , if necessary .
if it does not act , that the crash is inevitable , it has a maximum effort in checks to minimize the damage .
general motors postponed until january the opel plan
when workers of the opel plant in figueruelas zaragoza , were warned by nick reilly , the new president of general motors - gm europe , that the production of the new meriva would be launched in the first week of april - may 8 , according to javier ortega , the north american manufacturer has warned that it will need more time to conclude the opel rescue plan .
nick reilly , the new president of gm europe , to each of the plan was approved in advance by the parties involved .
and this could mean that the final document will first be submitted to workers and the governments of the countries where plants , be postponed until early 2010 .
among gm , by contrast , means that a decision on the sale of saab should be made in the coming days .
not surprisingly , the swedish government has stepped up pressure on the american manufacturer to take a decision as soon as possible .
gm says come into contact with a possible new buyers .
one of them could be geely , which aspires to acquire volvo , but the application of the dutch sports car manufacturer skyper , supported by the russian converg is increasing in importance .
if there is agreement with any of them , gm could sell part of saab baic chinese company .
close saab 's decision at the end of the year if it does not sold stands .
driving a porsche boxster spyder
to develop their final porsche and valuable gem , engineers went to the boxster s and managed to amincir that nothing less than 80 kilos , leaving the balance only 1 275 kilos .
this led to happen in the first place , the automatic roof which has been replaced by a roof bâché manuel , to reduce 21 kilograms , using doors in aluminium like those of the gt3 , 15 kilograms of less , to remove the climatiseur , 13 kilograms , reduce the 64 to 54 litres of petrol tank , 7 kilograms of sports bacquets earned to climb , 12 kilos , and light with tyres 19 inches , five kilos .
finally , they gave up the audio system cdr-30 , earning six kilograms and replaced the poignéesdes door handles with tissue , saving the remaining kilo .
although the model exists with the pdk box to double embrayage manual , the test was carried out on a pretty box of six speeds , mainly on secondary roads of network of california , in the mountains , with particularly tortuous however .
's behaviour can only be described as pure .
reducing weight does not to drive cars on the ground with aplomb .
on the contrary , it was until we had tested a model as small and light at the same time , guarantee security , particularly in the however , including at high speed .
it is a small athlete , able to échauffer musclesà small rate during the time , until we ask him to sprinter , once again to curb , to recover and to push its engine ...
is out what we wanted because of his leadership , also forthcoming how the car will show our hands on the steering wheel .
and they will do so with surgical precision .
the engine will
the sound of her constantly boxing v6 , with 320 horses - 10 more than the boxster - was very successful and it can be strengthened with option " sport " or through a system that is changing engine rugissement , already used the panamera .
the ability of acceleration is brutal , both the ruling or success .
firm suspensions are uncomfortable , but not hard .
road surface we travelled with the boyxster spyder was blighted enough , but the car has handled the nests of chicken .
electronic assistants were barely here on the route , while some however we found the ice in the early morning and graviers later in the morning .
ultimately , a car ultralégère , most divertissantes drive and is much more than a simple change to the boxster s.
the car will be put up for sale in february last year , at a cost of 70 831 pounds .
the bag girl "
intimate friend of karl lagerfeld , icon of the line coco cocoon and occasional starlette parades in the houses , the singer has face bad girl with such quantities that his bags chanel .
more than a " bad girl " and " it girl , " is a bag girl . "
the baskonia is a victory to israel
the caja laboral won a resounding victory in 91-82 hard during his visit on the ground the maccabi electra , despite repeated absences , whose team suffered from dusko ivanovic . it is at the top of his group , after the great spectacle of mirza teletovic , with eight baskets at three points was the best of his team , 29 evaluation .
vitoria 's team has managed to fill the important absences herrmann , oleson huertas or micov with a great deal of commitment and collective work , even if it had to wait until the end to victory .
moreover , the great skill in the perimeter , with 16 baskets with three points scored , détermina largely the final victory .
the match started quickly for the blue and red , which took advantage from the start .
the fact that the first four baskets of vitoria 's team should be conducted from the area , there was that they were hit on the ground with the israeli poignets hot .
english and teletovic were the principal author of the first quart-temps final 18-20 .
the second quart-temps was in the same tone , but the team of internal barac alava took the game and the eliyahu , who has been received with cheers and applause from returning to his old home , to increase their advantage in the break - 34-43 .
teletovic already began to draw attention to themselves as the best player of his team , with 13 points scored , while the least six evaluating splitter was already predict that night was not the best of brazilian .
but in this game , despite the fact that they are on the right track to the break , nothing was done , far from it , and the team of avala wanted to remind by vitoria , that it is not so easily on their land , and thanks to the hand of elias , they succeeded in entering the match .
eidson and pnini contributed significantly to the yellow take advantage on light - 50-49 .
other issues
ivanovic , injured players , but far from dead , needed to follow some actions were to take the air , and then tell the mitraillette mirza teletovic , with three consecutive baskets at three points and the help of english and ribas remit the reassuring to score - 54-67 - meter and the local succeeded to increase at the end of the third quart-temps - 57-67 .
the team of avala sortit to play it for the recently and english and san emeterio - 60-75 avisèrent they would not tired person they take what they earned during the first 30 minutes .
pnini eidson , the best of their team , however , will not résignèrent and tried to support in line with the three points , 70-77 .
despite this , and splitter ivanovic eliminated by mistakes , players can only be précipitèrent , advocated , and the israelis are converged at the last minute , 80-85 , the game was already up and victory was in tel aviv for the first time in the season .
the injury prevents unicaja battle
the unicaja lost loudly in greece over the olympiacos and gave him the lead in group b of the euroligue , in a match marked by the absence of the unicaja players , especially in the internal game - freeland , lima and greek archibald - which have facilitated the victory .
malaga 's team was not intimidated by the enthusiasm of the flag of peace and friendship and the scale of the rival , probably one of the most powerful europe and with a big budget .
the game of the first quart-temps , has helped to make the andalusian dream . an aggressive defense and three consecutive baskets to three points , two of the leading omar cook and a guillem rubio has ébloui local team 12-18 , in the ninth minute .
the olympiacos was surprised by the intensity of the unicaja , although the local team arsenal with the game within bourousis vujcic and schortsanitis , has helped to topple the score 22-20 , in the 13th minute when action , a beginning of fight between american leaders beverley and williams led the disqualification of the two players .
greek team has begun work by showing its superiority in the two camps , while the exit to wound the central english joel freeland and three fouls personal carlos jiménez pesaient on unicaja .
domestic players and the ailier lithuanian linas kleizas with baskets to three points , creusèrent 44-32 advantage in the 19th minute .
an impossible rise
the third period was particularly offensive to olympiacos , higher despite the losses , was 19 and came to match the difference of the contested in malaga 66-48 meeting , at the vingt-septième minute , making totter head the group .
unicaja tried to overcome absences and the last out of the central scottish robert archibald , injured during the meeting .
despite all these problems , the unicaja , thanks to his organization , to cook baskets at three points , and the support of lewis , left little hope with 66-57 , trente-et-unième minute .
but the victory was almost impossible because olympiacos might be harsh when players were pressure and showed their superior centimeters in the area .
the croatian central nikola vujcic , manages to get the score to 81-62 , trente-septième minute and the unicaja soumit , accepting the victory of olympiacos .
how should be paid from the facebook profile ?
facebook users can know the salary to warrant according to their profile , thanks to a new trovit application , the search engine with the largest number of small estate ads , employment and vehicles in spain .
the tool " that should be paid ? calculates the salaries of users from more than 140,000 offers jobs available trovit in spain , from a form available on facebook , where you put your profession , your years of experience , age and the city where you want to work .
last week that enforcement works , the search engine has found that in general , the spanish workers ' is poorly paid , said in a statement in charge of trovit , albert ribera products .
according to trovità data from its search engine in the united kingdom and france , the spanish are less money .
a british computer programmeur sees annual gross 45 226 euros and a frenchman , 31 059 , while spain receives 24 thousand euros .
likewise , a driver is 34 annual gross 247 euros in england , 25 751 16 420 in spain and france .
according to trovit is the worse in spain , the work of annual net server , with 11 592 euros , followed by the seller , with 14 725 euros , and workers , with 15 667 euros .
internet 's most wanted jobs over the past three months are the driver , the people in half , and the social worker .
brazil sets a date for the beginning of zelaya
the brazilian government has set a deadline for manuel zelaya 's stay in the embassy in tegucigalpa .
the deposed president will leave the diplomatic légation on 27 january 2010 at the latest , an official date for the end of his term .
francisco catunda responsible for cases of the brazilian embassy in the capital of honduras , globo tv confirmed that " mel knows he must leave the embassy , where it is refugee since september 21 , before that date .
" he knows that he must go on january 27 , at the end of his term , he must find another destination . "
the channel has quoted the former agent , who confirmed his intention to leave the embassy before the end of the deadline stated : " my position is logical to leave as soon as possible , with support from the brazilian government , " zelaya said by telephone .
following the elections on november 29 , when porfirio lobo was elected , zelaya said that he would remain in the brazilian embassy until january .
but the same week , he tried to seek asylum in brazil .
operation ultimately failed , because zelaya has rejected the condition of political exile that would impose the government led by roberto micheletti .
thank you
after day roses asset since last spring , when inflation was the dominant note on the markets , the uncertainty arises again , it is not surprising because it is their natural state , in an area where the agents to take decisions on an uncertain future in nature .
the remedy used by central banks to stabilise the markets was the direct purchase of assets to monetize the debt and indirectly by abundant liquidity rates close to zero , so that the purchase of assets to mobilize financial institutions .
central banks have already confirmed that the direct purchase of assets have almost been finalised , and , without prejudice to their political maverick liquidity to start to put a bit of sand in the machinery , such as the ecb , with their award for one year to the next week .
as a result , investors have doubts about the ability of the global economy to maintain an economic revival without heterodox measures and we are witnessing a inversely to reduce the risk premium .
volatility grants and different corporate bonds rise again , although they remain distant paranormaux levels they have reached at the beginning of this year .
states have been forced to socialising risk private and public debt is threatened once again .
there is again a flight to quality and the united states , japan and germany were refuges selected by investors , provocative growing differences between germany and the euro zone countries .
spain was hardly affected by this episode of instability , but then standard & poor 's threatened further downward revision of the qualification of the kingdom of spain .
on the other hand , some uncertainty is not a bad moral risk , which advocates to silence tried again to create a case of awareness among lesresponsables of global economic policy which had impeded the destructive effects resulting from the credit limit on the destruction of employment , and what we should do is declare a new day of pardons .
however , the situation in dubai is a fight between tribal sheiks to restore its place in power in the emirates and we have seen the case of greece .
a government which hides a deficit , elections and a new government finds the pot with roses .
prodi did socrates after berlusconi in italy and portugal after durão barroso .
it is quite irrational ecofin hungary saved a breach of its external payments at the beginning of the year and not to allow a member of the euro zone to respect its commitments .
what makes sense , however , is that the ecofin incited the greek government transparency and give people share the extraordinary measures are needed to maintain the stability of its public finances .
if , as expected , we have a transitional round of normalization of risk premium , after some excesses in positions would be expected .
in spanish , then our differences in the public debt has risen to match the obligations of european companies , nousn' need to worry us .
if our differences and that europeans were continued to rise , then there would be a risk idiosyncrasique spain .
the standard & poor 's case is a story . when our forecast indicators most studies services must anticipate their models of recovery and revise upward their forecasts for 2011 , with the oecd and the european commission , which are met with a japanese pourl spanish economy model , it adds little hope for their warning .
again , it is all seem to be an excellent opportunity to buy assets in spain , although for the moment " caution is mother safety . "
connected areas
iberdrola , ignacio sanchez galán chairman , yesterday , was the first to speak before the subcommittee of the congress of deputies , which discussed these days is spain 's energy strategy for the next two decades .
after his speech , which was followed by the president of gas natural-fenosa , rafael villaseca , mr galán outlined for the press that he was touched by the subcommittee , huit-clos .
for president of iberdrola , spain needs to invest 50 million by 2020 and 60 000 million between now and 2030 , if the nuclear power plants in operation remain open today .
if not , the investment but will not estimated at 60 billion to 95 million .
iberdola , however , believe that for the next decade , investment must not be used to increase the production capacity , but the distribution networks and the international connections .
by 2020 , the exchange , and it will increase the power .
his bet focuses on both gas and coal plants , with the recovery of carbon dioxide and mechanisms , especially on renewable energy .
in this field , he believes that 18 thousand megawatts more are needed , with other sources of support . "
galán sustainable economy , fearing that the draft law that the government has to approve is in line with what is his company , did not want to tackle the royal decree to promote the use of coal , which contradicts the national policies to combat global warming .
according to him , there is a clear challenge to the long term in this respect " , despite the " specific measures , " as the president has called for iberdrola .
however , galán think investment decisions , although they are in the long term , will start to be taken because they put some time to reach maturity and a lucrative stable framework is needed to address them .
ferrovial won the handling of aer lingus market in 10 airports
the swiss company swissport airport services subsidiary of ferrovial on earth , will play the role of the irish airline aer lingus , privileged partner for goods , services in 10 european airports where it is present .
paris , frankfurt , london and brussels are among the most important .
the agreement , including economic terms were not disclosed , a period of five years .
reports of ferrovial , the junta to castilla-la mancha yesterday and the university of alcalá de henares signed a protocol of cooperation for the smart innovation centre of infrastructure .
the alliance includes an investment of 20 million 2012 , 50 % from ferrovial .
one of the tasks of the center will be conducting research on energy efficiency on the roads and airports .
acciona dispute his first highway in australia hochtief and bouygues
acciona fights for his first motorway concession in australia , in which it is already market as energy and water management company .
the task at hand is a tunnel estimated 1.7 million australian dollars , around 1 047 million euros .
the french company bouygues , the german company hochtief its rivals .
a tunnel of five kilometres long in the australian city of brisbane , on the east coast , is the option for acciona to settle in the country as public works company and distributor of highways .
the city 's city hall to access for late 2014 .
after choosing the ppp public / private partnership - for its initials in british to carry out the project , within the framework of a plan to do under the supervision of erns & young , the local administration already has a list of finalistes which will be responsible for the construction and operation of the toll .
in anticipation of the submission of bids in may , the planned investment stands at 1.7 million australian dollars approximately 1 047 million euros , and in the last phase three consortiums compete with a significant presence in european manufacturers .
the group called transcity is led by acciona only spanish company smoothly , and his associates are ghella mdbs .
the first australian is one of the largest manufacturers , as the second , based in italy is one of the largest european experts to work underground .
against the team of acciona problem they northern directly , with the presence of the british company laing o rourke , the australian manager transfield infrastructure and the french manufacturer bouygues group .
the third and final consortium has passed the test is lbrjv , whose capital is shared between the australian leighton , of the german manufacturer hochtief subsidiary , which in turn has the participation of acs , another local company , baulderstone welsh - ownership of the german bilfinger berger , the company specialized in public works , razel .
the australian market infrastructure agrees to major issues and privatisations , but getting is a very difficult , if not through acquisition of a local construction company .
a strategy that followed the asian firms hochtief and bilfinger mentioned , in addition to their credentials , and is still a step not validated the spanish giants in the sector .
acs has just win a place in the market through its participation by 30 % of hochtief , owner of leighton .
are millionaires
acciona placed on a geographical area of great importance for the industry , which already has a large presence through its office of energy supplier and the désalinisation sector .
among other assets , it has the largest number of wind turbines , the waubra , 192 megawatts in victoria , and leading the reunification of companies responsible for building and managing the dessalinisateur adelaïde , with a budget of $ 700 million .
it now intends to consolidate these two areas and to take advantage of the synergy to enter infrastructure construction and management contracts .
underground road toll , promoted by the bureau of infrastructure in the city of brisbane and the northern link , linking north , will link the peripheral toowong the route to western highway kelvin grove , see the map , by four kilometers of existing tunnel . this is the largest project to reduce traffic congestion in brisbane .
the schedule set by the administration says that the competition will take place during the summer of 2010 , and that the work will start in next december .
despite the fact that the road will be open to traffic toll after 2014 , it is not expected that the work should be completed by 2016 .
britain began to be designed in 2005 .
include twice two paths , a complex electronic toll and a ventilation system .
the queensland government will provide 500 million australian dollars , 308 million euros in funding .
brisbane is already work for hochtief
australia still largely profit hochtief , who said yesterday reaching a contract with the government reached 154 million .
the company owned by acs is ready , through its subsidiary local leighton , establishing the national optical fibre broadband network .
this speech will quickly to 400,000 people to have access to the internet and will work for the german company for 18 months .
on the other hand , the company gave the construction of the tower king george , 27 , in the city of brisbane floors . the projects have not yet started and hochtief said the sale to 129 million .
- manchester in britain , it shares with laing o rourke the construction and management of two school groups for 25 years .
the initial investment is 75 million euros .
fcc is adjudiquer tunnel in slovenia to 64 million
fcc alpine , through its subsidiary , is adjudiquer building a 2.1 kilometers long on a motorway tunnel in slovenia , at a cost of 64,5 million euros .
the company has got the contract , days after having for work of expansion of the bosruck tunnel , austria , for a $ 130 million .
alpine consolidates with its experience in the tunnels .
the launch of the project is scheduled for early 2010 and implementation will take 32 months .
sra . rushmore is adjudiquer renfe advertising
renfe said advertising and marketing services for the next two years to the agency sra rushmore , a budget of around three million euros a year , the railway operator said .
the contract refers to the possibility of two extensions of 12 months each . sra . rushmore was chosen among 16 agencies that have arisen in the tender organised by renfe , of which four have been finalistes , tbwa who was responsible for creativity in the last three years .
from now on , sra rushmore will be responsible for the design and production of campaigns .
a fine of 63 million to france telecom to reduce competition
french competition regulator has done a fine of 63 million euros in france telecom 's anti-competitive conducted in the caribbean region of the country .
according to this institution , the operator has restricted competition in fixed and mobile telephony by signing exclusive agreements , prices and consumer loyalty programs outside the regulation .
with the penalty , former french monopoly and state company , is more than 450 million euros in fines since 1994 , because it puts obstacles to its competitors .
the sanctioning yesterday has been increased since the authority which ensures competition considers france telecom has made similar crimes in the past and is therefore repeat offender .
a shop in applications
on the other hand , the french branch of the mobile phone company attended the wake of other operators and opened a shop internet applications , with the aim of increasing revenues , which do not come from the transmission of voice .
initially , the website of orange applications will be active in france and the united kingdom .
it will have to wait until 2010 to happen in other countries , such as spain .
participating in the champions league to real madrid and barça told 476,4 million since its creation
the champions league has become a source of revenue for the clubs since its inception in 1992 .
in fact , real madrid and f.c. barcelona won 467,4 million , which puts them in third and fifth clubs who have earned more money in this competition .
the manchester united at the top of the list .
the manchester united at the top of the list .
won the uefa champions league does not only show . it is also one of the main sources of income for the big clubs .
indeed , the competition has distributed 5 362,5 million euros to 105 spanish teams , including 12 who participated in the event since the creation of the tournament , in the 1992 season , according to information from the uefa .
the f.c. barcelona and real madrid have been served in this division .
the continent 's white was the third club to reach the more money for his participation , and the only with a.c. milan , has won three times the area .
the catalan club , now with the title and last winner of the former european cup in 1992 , was fifth on the list .
first are the manchester united and bayern munich , the two teams , and have charged the more money for their participation in the last champions league .
and that , despite having lost in the barça .
on the other hand , spain is the third country , in terms of money reported in the champions league , although it has won more titles than any other , five , while italy won four , england and germany , two - three .
-
this seeming paradox is due to complicated procedure for distribution of the money used by uefa .
this year 's body headed by michel platini expects to earn 1 090 million from the champions league .
of this amount , uefa will 413,1 million fixed payments : every 20 clubs who attended the classification matches , including the madrid atlético has received 2.1 million .
moreover , those who have managed to participate received only to be 3.8 million , in addition to midnight 550 euros for each match played .
there is also a bonus in the event of victory - 800,000 euros and equal - 400 thousand for each team . those who arrive in huitièmes three million each receive the final eight teams arrive in final quarter of reçoivent3,3 million .
the last four teams will be 4 million each .
and champion wins final 9 million from 5.2 received by the other .
as well as fixed payments , a club gain at least 7.1 million , and a maximum 31,2 million .
on the other hand , barça pocketed 2.5 million by winning the european super cup in august .
but there are varying payments , which goes 337,8 million .
this money is distributed according to the proportion of each television market value .
the spanish market is one of the largest , and has four attitrées markets .
the champion of last year making 40 % of the money allocated 30 % in the second , 20 for the third and 10 percent in the fourth .
the other part will be made according to the number of matches played in edition of the year .
nueva rumasa offers 61 million euros for sos 29.9 percent .
the nueva rumasa listed yesterday the details of the offer to purchase shares in which it intends to acquire a maximum 25 29.9 percent of the capital of sos .
a percentage that do not oblige it to launch a takeover bid - takeover bid for all the titles .
specifically , nueva rumasa offer 1,5025 euros per share , which will be paid out in 10 years and will be paid at a rate of 1 percent per year for the delay .
yesterday , the actions of sos have completed at 1.85 euros , supply of nueva rumasa evaluates the company 18 percent below the market .
in nueva rumasa , the price of one and a half pounds reflects the real evaluation of sos .
the offer is conditional on the nomination of eight of the 15 councillors .
jerez 's group gives a period of 15 days to shareholders show their interest in the sale of stock .
the cnmv said has not been informed of this offer ruiz mateos , although the company has said it had contacted the regulator .
if he would place the disbursement was 611,7 million , as the capital of sos is 254,27 million .
meanwhile , sos continuing restructuring of its leadership .
in a bid to remain outside any offers to buy and criminal and goes to his former directors , brothers jesús and jaime salazar , announced the election of maria luis jordá as head of internal audit .
a decision as the first woman to occupy a leading post in the food business .
it is a newly created post depends directly by the president of the group .
and it is not immune from legal argument , because the company is submerged in the battle for the alleged misappropriation of sos to companies of more than 230 million salazar .
moreover , the possibility that in the next few months sos reveals new misappropriation of funds could not be ruled out .
on credit for salazar , the former advisers ildefonso ortega and ángel fernández noriega , representatives of the ccm and unicaja said yesterday before the high court that they were informed of the diversion of 212 million without knowing its destination .
the cnmv allows the exclusion of paternina presented by takeover inversora sea
the national commission of the stock market , cnmv gave yesterday by inversora sea 's takeover of exclusion to federico paternina on 9 october .
the supervisory body said it allowed the operation because he understood that its terms to ajustaient standards and explanatory that he considered " enough " the contents of the documents presented after the changes implemented on 2 december .
the cnmv said supply concerns the acquisition of 550 008 actions of federico paternina at a price of 7,65 euros per share , which represents 8,95 % of the capital , with 6 142 786 actions admitted to trading on the stock markets in madrid and bilbao .
he also explained that five 592 778 million shares were immobilisées , and could in no way be sent before the completion of the offer , he said that the price set by federico paternina in accordance with the provisions of the standards .
tools for the expertise of cars
in these days of bad weather and car accidents , garages are not the only winner .
each day , thousands of cars were a grim are brought up in a garage , where an expert to assess the damage and the cost of repairs .
each disaster is different , and calculate the cost and time parts of workforce could be a long and complex process .
calculating compensation to shoulder the cost of between 20,000 and 30,000 euros , including documents and the workforce could take two or three hours .
however , with the assistance of the latest computer tools , it is a matter of minutes .
it is for that reason that nearly 100 % from using this type of system .
service providers and solutions for the evaluation of claims and maintenance are in collecting information from manufacturers , and then treat them and offer them to customers in the form of a useful tool .
in spain , audatex , the american solera is business leader ; 80 % of the estimates are made with its products .
other companies competing in the field of assessment tools and providing information on the sector are gtmotive and eurotax .
working with the information provided by the manufacturers is far from easy .
according to audatex eduardo velázquez , commercial director , business in spain with 63 manufacturers and importers , and each providing information in a different format .
in addition , the amount of data to treat continues to grow , so that in the past five years , more than versions , variations and motorisations were launched in the past 15 years .
when a new car lot on the market , they are at work .
it is a very difficult , because we need catalogue every thousand pieces of the vehicle and keep prices .
in addition , it sets a graphic image " smart " of each model on which we can click on different parts of a car to tourism .
if it is a model sold heavily , work can be ready in a week if they are moving very quickly .
if it is a little car sold it can take three or four months . now audatex has information about 99,2 % of the cars sold in spain .
among the most exclusive models , for example they have information about the porsche , but the ferrari and lamborghini .
on vehicles on the road , the figure is 99 percent .
documentation for the job and preparing the databases , audatex has eight centers spread all over the world in spain , france , germany , the united states , brazil , mexico , china and japan , and all of them are specialized in certain brands .
the national headquarters is located alcobendas in madrid .
there , more than 100 experts or mechanical general experts work simultaneously in three computer screens .
audatex invest 90 million every year to make these databases .
each month , 2.5 million data is stored and customers are actualisations every two days .
drafting of this huge flow of information to allow them to provide various uses and offer a variety of products .
the most frequent application for repairs and maintenance , but in different countries , there are also tools for managing or damage to calculate the value residual vénale or parts from a car .
the only company that has a guide to making inquiries on the value of eurotax used car in spain .
audatex suggests not in our countries , but the united states .
in view of the products offered by audatex , it is easy to find out what kind of support it can provide to professionals .
this company provides 10 different tools , the flagship being audaplus standard , the solution evaluation of claims for experts .
there are cars , motorcycles , industrial light and heavy vehicles .
in addition to the cost of repair parts , it takes into account the time estimated by the manufacturer and fees of paint .
this tool comes according to use for each estimate .
the higher cost of 5.75 euros to customers who use it little maximum ten times per month .
then every insurance company , which has thousands of expertise negotiating a price with audatex .
other products , such as audavin , allow the full identification of a vehicle and equipment in which he left the assembly line , only by the number of windows .
audaglass focuses on car glasses and audasubastas is an internet server opened the industry , which has enchérir on vehicles declared wrecks .
office of statistics is very useful to identify trends , conducting tests géo-démographiques or know the current problems of brand and model .
it is possible to study , for example , how many models of a certain brand went in the garage for a bus or how suffered serious claims for a certain period .
gt basis is the only spanish company dedicated to the development of such tools .
it is selling , among other things , gt estimate , which is also intended to experts and provides digital pictures , as well as access to documents , prices and official time manufacturers .
gt drives is a business of the einsa , founded in 1971 as a provider of services and solutions assessment , maintenance outages or devoiture disasters .
leader gt assessment is a historical reference product on the market .
the company is working with 24 thousand users in garages , 3 100 specialists and 53 insurance companies .
its business volume has grown at a rate of 20 percent per year over the past three years , and has made a turnover of 10,8 million in 2008 .
early last year , it began the process of globalization , with the introduction of an office in paris .
for his part , audatex was born in germany in 1996 and has served in spain in 1979 .
according to sources from the company , 62 percent of its turnover is done in europe and the rest of the world , and the remaining 38 % in north and south america , it works with 900 insurance companies and 33 , 000 , of which 3,000 are garages in spain .
the turnover of the global solera - audatex , sidexa informex abz , hollander and ims to amount to $ 557 million , more than 3.3 % in 2008 .
in our country , the company will 19.1 million , or 7.2 percent more than last year .
in 2005 , the group solera was quoted by grant of 1 billion dollars , today , its actions are estimated at a total of 2 , 400 million dollars .
for 2007 , it was behind the new york stock exchange , part of the benchmark standard & poor 's index .
internet auction car accidentées
last october , the solera bought autoonline , internet platform for selling cars , motorcycles and special vehicles affected .
the operation has involved a cost 59,5 million euros for 85 percent of the company 's capital , which would broaden the next year to 15 % .
the aim of the acquisition was to deliver more value added services to customers , with the international access to a huge market .
estimates of this service and selling addresses only professionals such as insurance companies , the experts , leasing companies , garages , professional casses and vendors who must be registered before starting to carry out operations .
this platform was created in 1996 to germany and manages more than 650 thousand operations throughout europe , including 500,000 in germany .
in its main markets are spain , greece , poland and turkey .
experts are currently more than 1500 sellers and 4,000 registered on the site .
it manages 3,000 announcements every day and the spanish market , 100 new statements are issued every day .
under spanish law , a car with the chassis number has been removed can not move , but some parts that are not damaged can be used as spare parts .
vintage cars can be réenregistrées complex , although they have been withdrawn after steps .
wrong estimate in four stages
with the auda-taller tool , the company audatex ensures that the user gets an estimate only four steps : identify the vehicle , seeking the most parts , create an estimate and generate .
the ease of use is an essential element of these systems , to convince the older workers who , to a greater or lesser extent , are resistant to the use of new management techniques .
the database includes 1 034 , 666 of cars , 109 tout-terrains , 137 motorcycles , 78 vans and 44 trucks .
naturally , to use a computer and internet connection is needed .
once the model to repair identified with the number of windows , a graphic image model in question is can you really selects the most needed .
the user can include variables like the price of the workforce , supplements or reduced , then you can set the estimate for the return to the customer .
audataller is not a tool to estimate as audaplus but a litany of references .
the difference between the two systems is that for garages do not include the estimated time of workforce .
the cost of using this tool in the garage of 350 per year , which can be credit .
currently , the company audatex working for these pictures are in three dimensions .
this is something that engineers are a very positive because it will , for example , to select a door and turn to see the internal front .
