i do not feel in the role of country 's précepteur as could be springer and i do not intend to be one of those international leagues like the time , these companies have taken far too much importance .
, full
anything you want , as a matter of beauty and welfare , in hand .
such is the target quesemble having el confederation inglés , who is to inaugurate in the commercial centre of multidisciplinary callao , madrid , an area of more than 1,000 m2 , dedicated to the care and attentiondu bodies .
the spa , located on the eighth floor , houses enseignes prestigious as hedonai , expert of the épilation laser , spaxion , with its relaxation rooms and aesthetic , luis treatment & tachi hairdressers , marina gold , with a sport hall , or the cosmetic occitan and its natural , among others .
there also has a radius diet , with a particular show different kinds of tea , which is more than 130 .
spaxion propose them to enjoy a massage relaxant exceptional with your companion , while looking the views on the capital , or praise for two hours the relax area in order to organize your own beauty party " with eight of your friends , and you relaxer thanks to a session of jacuzzi , massages while drinking a cup of champagne .
in total , 250 m2 divided into 12 rooms , where you can get care the body 's face , the most innovative and hydrothérapie .
, such as the cavitation for combating cellulite or platforms vibrant .
the sport has room for these devices , as well as " trainers " virtual not guiding the customer , by offering fully personalised treatment .
it all starts with the introduction of personal your code on a screen tactile , situated in front of the apparatus .
several videos show us how proper execution our programme of action .
its director assured that 15 minutes - including échauffement , and étirements - , enough to work on all the muscles of the body .
and , if after having been working our bodies , we want to go through the hairdressing salon , teaches luis & tachi has a room where the proposal of rituals of repair of hair , or of nutrition , the very personalised daylight .
innovation and exclusive appear to have been the watchwords of the urban spa , which will be held every day of the year of 10h to 22h .
décolletés wide range
christmas and it is never unnecessary to examine the look of stars in order to adapt it to our garde-robe of celebration .
the form of décolleté , which is very important to highlight the figure , is one of the variables that we need to take into account .
here are a few suggestions .
the singer fergie has chosen a décolleté exaggeration and very difficult . this is not very advised .
endesa and barcelona , comes from the electric car
electricity company , endesa , together with the ayuntamiento barcelona , has created the " oficina live . "
there is a project to develop and promote the electric car in the catalan capital .
" oficina live ' - logistics for the establishment of the electric vehicle - define and coordinate the road map for the establishment of the electric car in the city and institute of agreements on mobility , performing steps to coordinate with subsidies and so on .
moreover , developing the project movele , promote the electric car , is the opinion and the work of the sectors .
after all , the idea is to kick off what will become the transport of the future .
3 , electric cities "
but barcelona is not the only city , which will be involved in the location of the electric car in spain .
madrid and seville to come to join the project .
there are the three cities chosen by the government , within the framework of the plan movele , in order to start the establishment of the electric car .
electricity company , endesa has signed a framework agreement with the generalitat catalonia .
it aims to promote research and technology development in the autonomous region of catalonia .
these are activities related to energy , and in particular to energy efficiency .
this is not the only initiative involved endesa in regard to the promotion of the electric car .
the company takes part in the groups of standardization , at european level and has further in a series of projects such as the g4v , elvire or cenit verde .
zapatero sees a future of peace " in the sector of the engine
the president of the government , jose luis rodríguez zapatero , sees a future of peace " to the spanish car industry , which , he said , is the country 's main export sector .
during the presentation of the president of the government 's economic report for 2009 , zapatero said the measures taken by the executive branch in the course of the year to support the automobile industry .
" without a plan for the automotive industry competitive today , we would have a landscape of abandonment , closure of some of our most important production sites , " said the president of the government .
" with this plan and the decision to stay in spain , marks on a very competitive sector , we can look forward to a future of peace for the future of the industry , which is our main export sector , " he added .
in this respect , he pointed out that the plan full of competitiveness , included in the plan for the automotive industry - member , has spent 800 million euros to the plans of 19 manufacturers and 137 auxiliary businesses , which have used an investment of more than 3 billion euros .
the chief executive said that such investment plan was also on the development of new models and the modernization of existing products and processes .
zapatero has also put the emphasis on the government measures to support the request , referring to the plan 2000e , set up in cooperation with the autonomous communities and the car companies .
according to the president , the plan has been reduced to 6 % average emissions from new cars sold on the spanish market and has contributed to a " significant increase " in immatriculations , which grew by 40 percent in november .
20 thousand square metres of cars for collectors
madrid hosts the first edition of the salon internationaldes vintage cars , an area of meeting for professionals and the fans in the world of the engine .
this initiative will take place between 5 and 7 february 2010 at the pabellón ball of the madrid casa de campo .
ils' exposure is an area of 20 thousand square metres , which will present more than 200 exposants national and international level .
we can not only identify effect and the car of collection , but it will also classicauto madrid articles in any way connected to the world of the engine .
and , in exposants flag , we can find some accessories , spare parts , components and accessories textiles , miniature , reviewed , and supplements .
hundreds of articles related to the world of the engine of collection will happiness of and curious collectors , however .
among the companies involved , we will , among other things , clásicos mos and good old times , specialists in car sales , juan lumbreras , restaurants , coupe-francisco pueche , sale and restoration of automobiles , or cochera clásicos , specialist in mercedes benz .
aptitude test and foreign
but the commercial activity in this show will also include activities parallel : rallies , exhibitions , aptitude tests , presentations and sports competitions .
aptitude tests with the car and the effect of collectors will also take place on a course designed outside the park of exhibitions .
mazda3 i-stop : sustained a sporting spirit
mazda will prove a sporting spirit is not angry with respect to the environment .
for this purpose , it has to incorporate the mazda3 and arrest the system to start the engine , called i-stop , an arrangement that , at least for the moment , there is the 2.0 gasoline engine of 150 horses .
this second generation of mazda3 illustrates the note that it has obtained in its entirety .
details , the revision of the car , the habitabilité , behaviour , mechanics , the system i-stop ...
all of these are outstanding on the new mazda3 .
starting with the post of conduct , it is true that the seats fronts have a ergonomie and excellent setting .
the touch of the wheel is also very pleasant .
by continuing with all formed by both the picture of control and the equipment , we see how mazda has continued in the japanese trend to create an internal futuristic design , with many buttons and orders , as well as vivid colors red and blue .
this style reminds us of , in part , one of the honda civic .
therefore we can say that both the mazda3 that the civic , both japanese , contrast with moderation of german products , especially with the volkswagen golf , which all want to overcome .
in with the compact , the japanese car shop has a habitabilité more than sufficient to allow four adults to travel with a high level of comfort .
comes on top of all that a great trunk to regular forms .
and arrest the system of automatic start to the engine , at least for now , is available only on the gasoline engine , of two litres and 150 horses and change manual of six speeds .
this engine is a true happiness . it can be illustrated by the delicacy , his low noise , its benefits and the control of its consumption .
indeed , although the most requested mazda3 are diesel models , those who do not carry out a large number of kilometres per year should not exclude this i-stop with engine speed petrol , both for his great comfort for consumption controlled .
concerning the equipment , the chosen for the test model is the sport , in other words that has the largest number of elements of " series .
among the change of road - series , the assistant equipment rvm that removes one death , the speed of traction and stability control , the regulator , the internal photosensible mirror , the computer on board on a large screen size , the independent sensors parking , air conditioning , the capteur of rain and light , the bluetooth and audio , as well as the wheels of the bluetooth alignment of 17 inches , are particularly impressive .
moreover , as if this equipment is not enough , this had version of the pack premium for 1,500 euros more , include elements of adaptive headlights bi-xénon audio system and bose disc with charger .
more
the mazda3 2.0 i-stop are one of the best car compactes of its class .
it illustrates in particular with the quality of the materials used , for his behaviour and his high standard equipment .
moreover , those who do not carry out many miles per year will be able to choose the i-stop involved only the gasoline engine version 2.0 of 150 horses .
its high price is the only drawback of this model , which is between 9 770 euros for the finishing luxury and 23 270 euros for the tested , the sports model .
in return for the large sum , the mazda3 every day we will provide a high degree of satisfaction .
" premier " luxury
l.a. is the red carpet sensualité incarnated by penélope cruz , nicole kidman and fergie .
the stars more than ever we have blinded , elegant vêtues models such as sexys for the release of nine - pictures : gtresonline .
our " parliament " , as sophisticated as accustomed , has opted for a " lady " bleak .
the pledge of fonpeek
peek is extremely limited , it is a system which allows only to watch his electronic mail , without giving the opportunity if only to see some type of coins attached or surf the internet .
it profita his five minutes of glory in the united states , when time magazine désigna as one of the products of this year .
in truth , it is more difficult to be seen in the streets , but the idea sounds interesting , especially for the young people .
unlike smart phones , peek offers a very low price and a monthly subscription , less than half of the costs , for example , the subscription data on the iphone .
given his success , the company launched two new devices : one designed exclusively for twitter , the other with a free service data for life , for six times more expensive than the peek .
fonpeek presented yesterday at the event the web , the european version of the invention and his third incarnation .
it is so limited that his grand-frère us , but there is a surprise .
the price for its monthly subscription , about 12 euros , includes the roaming across europe .
those who travel with a smartphone already know what is the abandonment to the data when you cross the border or seek desperately a cafeteria on the wifi - or a connection to fon - to be able to check his mail .
the idea of a roaming at a fixed price is incredibly seductive , and for a long time that she should operate .
indeed , some companies have special arrangements and travel options , but as far as i am concerned , i would need to have a thesis in physics for the understanding and good glasses to read the fine print .
repeated calls to order of the european commission to propose roaming fees affordable in the whole of europe has had a barely perceptible effect .
outside their country of origin , it is reluctant to use the data , and we have not wrong .
only a small plane as fonpeek - it is always curious he is called fon so that it does not possess the wifi - offer this kind of tariffs , means that operators are starting to think differently and study various proposals to increase their data network .
kindle is another example , it includes downloading of books and other research on the internet .
free subscription and together .
it is a device connected , and it pays in his purchase and not every month .
and this is what i expect to see a day for the fonpeek : an option to purchase with access to life as peek proposes in the united states .
that i want to buy .
i look at my letters on my phone , thank you .
i hope simply because i believe that it is a more fair formula for the consumer .
it would be interesting to see computer with the same system .
a favourite colour of michelle
the yellow , without a doubt , the favourite colour of the united states ' first lady .
if it went to the assumption of office of barack obama to the presidency of the united states with a habit ' and a coat of this color , it has , in fact , chose the same to accompany him in the second stage , without doubt , the most important of his life in oslo : the award of the nobel peace prize .
michelle obama was a very similar in both occasions : besides colour ressemblante model , a yellow shooting towards the green with bright , views the twice , holding consisted of three parts : the habit ' , jacket and , at the same , tissue and coats ornée of great broderie or a string .
so that a first glance , it seems that the first lady of the united states to the aftermath of princess of asturias and chose to put the same place .
but the fabric for carved up the two blocs make them very different .
if the assumption of office , he was a dentelle thick , on the other hand , it was printed in oslo a velvet .
the accessories are different : the shoes green to heel means for the first golden opportunity , and a similar model , but this time .
hairdressing too has changed : hair has now raised while it was abandoned the previous times .
75 % of the professional working mothers have had problems as a result of motherhood
discrimination at work has increased in recent years , especially for women in the younger generations who want to be mothers .
reveals that the study " fertility and women 's professional career in spain , " carried out by the csic together with the instituto de mujer .
the survey , conducted on 9 737 women 15 to 75 , leaves no room for doubt : 75 % of working mothers have seen their careers limited as a result of motherhood .
the study indicates that there are many differences regarding the beginning of life in a partnership and the number of children , whether or not the woman works and the kinds of jobs occupied .
those who do not have any activity outside the home , work part time , or have a stable job little , have come earlier in a partnership , and have more children have their first pregnancy earlier .
instead , women who have a stable job , mostly in the public sector , reject the entry in life in a partnership and the first pregnancy , and having fewer children .
women aged between 35 and 49 to have a fixed work have their first child , on average , 3.7 years after having built in couple . that figure rises to 4.1 among those who work in the public sector . " these data indicate that women who have a stable job requiring more time in their lives for that , which led them to reject the union and the arrival of the children .
more broadly , the type of job exercised influence the maternity leave , but less starting date of cohabitation , " explains the chercheuse the csic margarita delgado .
the level of education is another factor that widens the gap in the age of marriage women and their first child .
according to the survey , the higher the level of training , as they marient and have their first child later .
the difference remains among the women of the same generation .
for example , in the group that between 35 and 49 years , those who have made elementary and higher studies have been respectively mothers for the first time in 25,1 and 32,1 years on average .
" another disctinction appear among the women , according to their level of education .
while those who have done some basic studies marient and have their first child had to find a stable job , those studies of higher average level or reverse the programme and give priority to the achievement of a stable work as a condition for marriage and the arrival of a child , " precise mrs delgado .
diane kruger as the is far
the cosmetic paris just to add a new name to the list jalousée of ambassadors : diane kruger .
from next year , the german actress will embody the image of a number of products of the brand , entonnant universal the motto " because i am worth well " .
the protagonist of merry christmas , one of the most elegant players on the world stage , has just join other celebrities included among the cosmetic paris like linda evangelista , jane founded , andie macdowell , eva longoria and the spanish penélope cruz .
before it , the last to walk into the club if select have been players evangeline lilly - lost - and freida pinto , this millonaire .
among men , the hallmark of cosmetic account by the ambassadors of luxury : patrick dempsey - dre grey , anatomy lesson , and matthew fox , the companion of evangeline in lost .
prices of the way british
the british have a lot to say about the world of the fashion .
its greatest representatives , creative and models , yesterday and today , gathered for the annual award of the prize , which took place in london , at the royal court of justice .
person has missed the deadline .
the former mannequin jerry hall and daughter , georgia may jagger , elected best mannequin of this year .
poker for manuel vincent as
manuel vincent is in poquer of ases - alfaguara , indications of fernando vicente - thirty " radiographies " d " literary writers who have crossed his life - and sometimes , his former life .
it does not according to gender , predictable and arrested , short biographique , life and work , but in seeking something similar to the core of ignition of the character created .
travel is exciting and vincent savings , nor the scares not the illuminations .
delicious fun , this paper is also moving an invitation to institutions and relectures .
i just a few snapshots .
on albert camus , ' in its pages , i discovered that the mediterranean sea was not a physical , but a spiritual pulsion , almost my experience , that even without the name : the pleasure against the sad fate , morals without guilt and the innocence no god . "
on samuel beckett , nihilistic , a christian allégorique , he wrote what he had in the blood , not in the head , between powerlessness and ignorance , with a splendid poetic humour , fierce meaningless , like the sword of the knife that failed the kill . "
on graham greene : " our man was inspired by her a passion that lasted 13 years , in the flesh of which he conjugua emotion of the adultery in a spiritual joy of compunction , a privilege that was to reach the sky by the road to perdition . "
on james joyce : " the ulysses was published in paris in 1922 by sylvia beach . it is one of the eight thousand metres summits of world literature , it must climb in the north , where the best alpinistes dropping still taken . "
about william faulkner : " it was a strange sort .
sometimes by itself , he said that it was the heir to a landowner county and at other times he was the son of a black and a crocodile .
these two were dreams of greatness . "
on louis-ferdinand céline : " this writer recueillit what it has moved from a bridge by this figure of munch for his response to the bottom of the night of the 20th century , in its literary form , as he did in the flight of and violent after the fact with a speech on the asticots . "
on dorothy parker : " one day it began to its knees and prayed : ' dear god , i implore you to which i continue to write as a woman . "
on joseph conrad : " on his tomb were set to spenser : " the sleep after the effort , and after the storm , the port , and the rest after the war , and after the life , tired death like very much . "
on virginia wolf : " in his luggage it was carrying its depression .
her husband very normally it say that eduard accepts vii " épiait between the azalées or that the birds chantaient in greek .
has never seen such a patient man and lovers of neurotic whose talent literary exceeded madness . "
on pío baroja : ' what did martín-santos if this is to try to conceal joyce in baroja ?
that tried benet if it is to do fusiller baroja in faulkner ?
that did that , if it is to deepening the glory of this man for which he serves to grace ? "
this cowardly attack
last week , my mother , who has about 70 years ago , promenait fuenlabrada in our district of the city , when a group of young people aged between 15 and 18 years spent in addition to it and our dog , a sang-mélé , saved the spa and weighing no more than six kilos , and without saying a word , they assenèrent two birds of feet who grew the dog seriously injured .
outrage is great because we do not see that there are amusing to attack free a small animal defenceless which , in addition , was on a leash .
this is in addition to the outrage of a woman who is promenait quietly and , when it came injuria these individuals to fear for his physical integrity as a énergumène attacking an animal is capable of doing the same thing to a woman , a child , a ' or ultimately anyone lower than him .
the episode held at around 5 p.m. , like any other tuesday , in an area normally calm .
pavlov 's dog has gémi throughout the day .
of course , we have submitted a complaint to the station headquarters even if we doubt that this serve much , and not to touch the sensitivities , we just want to clarify that the cowardly murderers were spanish .
indignation has led to denounce it .
we do not understand what is happening to young people so that they are fun to mistreat free an animal defenceless which gives us the love , friendship and keeps us company .
we do not know where 's the good education , and the respect for animals and persons .
michelin and fesvial , sets to the port of the helmet
the tyre manufacturer michelin , in cooperation with the spanish foundation for road safety , fesvial , has launched a campaign to encourage the wearing of the helmet , especially among riders youngsters , as said today the two bodies .
this initiative aims to raise awareness of the importance of the port 's helmet , since it is the only element of protection to avoid head injuries , or even death , in an accident on two wheels .
michelin said that this campaign was in keeping with his commitment to road safety , which goes beyond the design and manufacture of products " more secure " and said that it helped to this goal by other educational actions and informative .
this new campaign to encourage the two wheels , wearing the helmet under the motto " to be but not to be , " a first stage in which include posters will be distributed in more than 500 garages effect , so as to ensure the widest spread .
finally , michelin has pointed out that the road safety is a constant concern for the company as tyre manufacturer for vehicles on two wheels , one of its main objectives is to develop products still safer .
sales of light commercial vehicles to go
after nearly two years ago , the light commercial vehicle market starts to look a little bit of light at the end of the tunnel .
the 9 425 vehicles registered in november in spain is an increase of 12.6 % compared to 2008 and , what is more important , they represent the first increase after 22 consecutive month of decline , according to the figures of the patronal manufacturers association anfac and ganvam , the dealers .
however , we need to alter the good news , as a reference for the comparison , the month of november 2008 , was particularly bad , with a reduction of 60 % compared with the previous year .
therefore , despite the events of the last month , the immatriculations accumulated in the 11 months are 40 percent less than those of the previous year .
since january , if you add all vehicles coming into the category of light commercial vehicles - derived from cars , vans , pick-up fourgons light and light trucks with windows 95 853 have been sold .
large clouds that affect their request did not disappear . indeed , even though they are bought by individuals , most purchases are made by small and medium enterprises , who pay in nearly 100 % of the cases thanks to an external funding .
and , in addition to the restrictions involved by restricting credit , we need to add other factors such as the rise in the unemployment rate and the continuation of the bad economic situation .
faced with this situation , unlike the cars , aid to the purchase of the 2000e were used .
as well as individuals , independent and those who wish to acquire a commercial vehicle slightly less than 3.5 tonnes with a level of carbon dioxide emissions , which does not exceed 160 grams per kilometre , can also benefit from it , but the number of operations speaks for itself .
yesterday , in ganvam , it recalled once again the need for the government to pay special attention to these vehicles and also the industrial vehicles , trucks and buses .
the dealers ' association provides a 2010 similar to that end , for which it is a fall in sales - passenger vehicles and the suv of 19 % .
aid to the emergency brake is now required
as took place with the system anti-lock restrictions abs and it will take place with the stability control esp , the emergency aid to brake systems will become compulsory element on the european cars .
mandatory they are already on the newly registered passenger cars and light commercial vehicles , while for the rest of the cars a period of has been set up at the end of february 2011 .
the measure , imposed by the european union , is intended to strengthen the protection of pedestrians , even if action , by the way , it can also help prevent many back shocks .
the assistant to the emergency brake is increasing pressure on the emergency brakes detected by the system through the blow to set given by the driver .
but it does not always maintained the pressure until the end .
according to a study by the manufacturer of car components bosch , one third of the drivers involved in accidents did not rely on the brakes before the collision , and half of them did not benefit from its full force .
until 1 hundred accidents
intervention of aid , revancha , requires maximum braking system , cutting the distance which needed to stop the car .
according to a study of the eu , if all vehicles were equipped with this type of points , up to 1 100 fatal accidents in which pedestrians are involved could be prevented each year .
this reduction would be even more important with the ' popularisation of smart emergency braking systems : it is a sinister in four with the injured would be avoided .
in this case , the vehicle is equipped with a system that , thanks to a radar or a camera , detect obstacles and to prevent the driver , in addition to slightly on the brakes .
if the driver is applied , it help in increasing the pressure on the , if it is necessary .
if it does not act , and that the crash is inevitable , it has a maximum effort on the brakes in order to minimize the damage .
general motors postponed until january 's plan for opel
when workers of the opel plant in figueruelas - zaragoza - have been warned by nick reilly , the new president of general motors , gm europe , that the production of the new meriva would be launched in the first week of april , probably on 8 , according to javier ortega , the north american manufacturer has warned that it will need more time to finish the opel rescue plan .
nick reilly , the new president of gm europe , mean that every aspect of the plan has been approved in advance by the parties involved .
and this could mean that the final document , which will first be subject to workers and the governments of the countries where plants , be postponed until early 2010 .
among gm , by contrast , we assure that a decision on the sale of saab should take place within the next few days .
so it is no surprise that the swedish government has stepped up the pressure on the us manufacturer to take a decision as soon as possible .
gm says come into contact with a possible new buyers .
one of them could be geely , which aspires to acquire volvo , but the application of the dutch sports car manufacturer skyper , supported by the russian converg , is increasing in importance .
if there is agreement with none of them , gm could sell a part of saab to the chinese company baic .
close saab 's decision by the end of the year whether it is not sold holds .
driving from the porsche boxster spyder
to develop their last and valuable gem , porsche , engineers went to the boxster s and have succeeded in the amincir that nothing less than 80 kilograms , leaving the balance only 1 275 kilos .
this led to happen in the first place , the automatic roof which has been replaced by a roof bâché manuel , to reduce 21 kilograms , using doors in aluminium like those of the gt3 , other 15 kilograms less , to remove the climatiseur , 13 kilograms , reducing the 64 to 54 litres of petrol tank , 7 kilograms of earned , to engage in bacquets sport , yet 12 kilos , and light with tyres 19 inches , five kilos .
finally , they gave up the audio system cdr-30 , earning six other kilograms and replaced the poignéesdes doors by handfuls of tissue , saving the remaining kilogram .
although the model also exists with the pdk box to double embrayage manual , the test was carried out on a model to box of six speeds , mainly on secondary roads of network of california , in the mountains , with particularly tortuous however .
's behaviour can only be described as pure .
reducing weight does not mean the car to drive in the soil , with aplomb .
on the contrary , it has been that we do not tested a model as small and light which , at the same time , guarantees as secure in the however , including at high speed .
it is a small athlete , capable of échauffer its musclesà small speed for as long as necessary , until we requested him to sprinter , once again to curb , to recover and to push its engine ...
out , this is what we wanted . with his leadership , as forthcoming as accurate , the car will show our hands on the steering wheel .
and they will do so with surgical precision .
its force to will
the sound of her constantly boxing v6 , with 320 horses - 10 more than the boxster - was particularly successful and can be strengthened with the option " sport " or through a system that is changing the rugissement the engine , already used on the panamera .
the ability of acceleration is brutal , either with the ruling or hopping .
suspensions are standing firm , but not hard or uncomfortable .
road routes that we have travelled with the boyxster spyder was blighted enough , but the car has handled the nests of chicken .
electronic assistants were barely here on the whole journey , while in some however we have found the ice in the early morning and graviers , later in the morning .
ultimately , a car ultralégère , one of the most divertissantes to drive and which is much more than a simple change to the boxster s.
the car will be up for sale in february 2010 , to a price of 70 831 euros .
the bag girl "
intimate friend of karl lagerfeld , icon of the line coco cocoon and occasional starlette parades of the house , the singer has to face bad girl with such quantities that his bags chanel .
more than a " bad girl " and a " it girl , " it is a " bag girl . "
the baskonia offered a victory in israel
the caja laboral won a resounding victory in 91-82 hard during his visit on the ground of maccabi electra , despite repeated absences , whose team suffered from dusko ivanovic . thus , it is at the top of his group , after the major spectacle of mirza teletovic , with eight baskets to three points was the best of his team - 29 evaluation .
vitoria 's team has been able to fill the important absence of herrmann , oleson huertas or micov by a large degree of commitment and collective work , even if it had to wait until the end to victory .
in addition , the great skill from the perimeter , with 16 baskets to three points scored , détermina largely the final victory .
the match started quickly for the blue and red , which took advantage from the start .
the fact that the first four baskets of vitoria 's team should be conducted from the perimeter , was a sign that they have jumped on the ground with the israeli poignets hot .
english and teletovic were the main sponsors of the final 18-20 the first quart-temps .
the second quart-temps was in the same tone , but the team of internal barac alava took the game and the work of eliyahu , which has been received by the cheers and applause of returning to his former home , to increase their advantage in the break - 34-43 .
teletovic already started to draw attention to themselves as the best player of his team , with 13 points scored , while the least six ' assessment of splitter was already predict that night was never going to be the best in the brazilian .
but in this game , despite the fact that they were on the right track to the break , nothing was played , far from it , and the team of avala wanted to remind by vitoria , that it is not so easily on their land , and thanks to " the hand of elias ' , they succeeded in entering the match .
eidson and pnini contributed decisively to ensure that the yellow , take the edge over the light - 50-49 .
some problems
ivanovic , injured players , but far from dead , needed to follow some actions were to take the air , and then tell the mitraillette mirza teletovic , with three consecutive baskets at three points and the help of english and ribas remit the reassuring to score - 54-67 - meter and the local succeeded to increase at the end of the third quart-temps - 57-67 .
the team of avala sortit to play all for all in the last period and english and san emeterio - 60-75 - avisèrent that they would not tired person they take what they earned during the first 30 minutes .
pnini eidson , the best of their team , however , will not résignèrent and tried to support it in line with the three points , 70-77 .
despite this , and with splitter ivanovic eliminated by mistakes , players can only be précipitèrent , advocated , and although the israelis have close at the last minute , 80-85 , the game was already up and the victory was in tel aviv for the first time in the season .
injury prevents 's unicaja battle
the unicaja lost loudly in greece over the olympiacos and gave him the lead in group b of the euroligue , in a match marked by the absence of the unicaja players , especially in the internal game - freeland , lima and greek archibald - which have facilitated the victory .
malaga 's team was not intimidated by the atmosphere of the flag of peace and friendship and the scale of the rival , probably one of the most powerful in europe and with a big budget .
the game of the first quart-temps , has helped to make the dream in andalusia . an aggressive defense and three consecutive baskets at three points , two of the leading omar cook and one of guillem rubio , who has ébloui local team 12-18 , in the ninth minute .
the olympiacos has been surprised by the intensity of the unicaja , although the local team arsenal with the game 's internal bourousis vujcic and schortsanitis , has helped to overthrow the score 22-20 , in the 13th minute , when an action , a beginning of fight between american leaders beverley and williams led the disqualification of the two players .
greek team has begun work by showing its superiority in the two camps , while the exit to wound the pivotal english joel freeland and the three personal mistakes of carlos jiménez pesaient on unicaja .
domestic players and the ailier lithuanian linas kleizas , with their baskets with three points , creusèrent 44-32 advantage , in the 19th minute .
a strength not
the third period was especially for the offensive olympiacos which , despite the 19 losses was higher and even came to match the difference in the contested in malaga 66-48 meeting , at the vingt-septième minute , making reeling the head of the group .
last unicaja tried to overcome the absence and the exit of the linchpin scottish robert archibald , wounded during the meeting .
despite all these problems , the unicaja , thanks to its organisation , to cook baskets to three points , and support for lewis , left a little hope with 66-57 , at the trente-et-unième minute .
but the victory was almost impossible because the olympiacos might be a harsh when the players were to pressure and showed their superior centimeters in the area .
the croatian central nikola vujcic , manages to get the score to 81-62 , in the trente-septième minute , and the unicaja soumit , accepting the victory of the olympiacos .
how you should be paid according to your profile facebook ?
facebook users can know the salary to warrant according to their profile , thanks to a new application of trovit , the search engine with the largest number of small estate ads , employment and of vehicles in spain .
the tool " that should be paid ? calculates the salaries of offers of users from more than 140 , 000 jobs available trovit in spain , from a form available on facebook , where you have to put your profession , your years of experience , age and the city where you want to work .
last week that the application works , the search engine has detected that in general , the spanish workers ' feel poorly paid , " said in a statement the head of trovit , albert ribera products .
according to the information available trovità from its search engine in the united kingdom and france , the spanish are the least well paid .
a british computer programmeur sees 45 annual gross 226 euros and a frenchman , 31 059 , when a spanish gets 24 thousand euros .
in the same way , a driver is 34 247 euro annual gross in england , 25 751 16 420 in spain and france .
according to trovit is the worse in spain , the work of server , with annual net 11 592 euros , followed by the seller , with 14 725 euros , and workers , with 15 667 euros .
jobs the most wanted internet over the past three months are the driver , the people in half , and the social worker .
brazil sets a date for the beginning of zelaya
the brazilian government has set a deadline for a stay of manuel zelaya in its embassy of tegucigalpa .
the deposed president should abandon the légation diplomatic on 27 january 2010 at the latest , an official date for the end of his term of office .
francisco catunda , in charge of affairs of the brazilian embassy in the capital of honduras , confirmed to globo tv that " mel " knows that he must leave the embassy , where it is refugee since september 21 , before that date .
" he knows that he has to go on 27 january , at the end of his term of office , it must seek another destination . "
the channel has also cited the former agent , who confirmed his intention to leave the embassy before the end of the deadline stated : " my position is logical to leave as soon as possible , with the support of the brazilian government , " zelaya said by telephone .
after elections on 29 november - during which porfirio lobo was elected , zelaya gave assurances that it would remain in the brazilian embassy until january .
, however , the same week , he has tried to seek asylum in brazil .
operation ultimately failed , because zelaya has rejected the condition of exile that intends to impose the government policy is chaired by roberto micheletti .
thanks very much
after days rose asset since last spring , when inflation was the dominant note on the markets , the uncertainty arises again , this is not surprising because it is a matter of their natural state , in an area where the agents to take decisions on an uncertain future in nature .
the remedy used by central banks to stabilise the markets has been to monetize the debt by the direct purchase of assets and , indirectly , by providing abundant liquidity at rates close to zero , so that the purchase of assets to mobilize financial institutions .
central banks have already confirmed that the direct purchase of assets have almost been finalised , and without undermining their political maverick liquidity , are starting to put a bit of sand in the machinery , such as the ecb , with their contracts to a year of next week .
therefore , investors have doubts about the ability of the world economy to maintain an economic recovery without heterodox measures and we are seeing a vice versa of reducing the risk premium .
volatility grants and different business obligations increase again , although they are still very distant paranormaux levels they have achieved at the beginning of the year .
states have been forced to socialising private and public debt at the risk is threatened once again .
there is again a flight to quality and the united states , japan and germany have been refuges chosen by the investors , provocative greater differences between the countries in the euro zone and germany .
spain has been barely affected by this episode of instability , but after standard & poor 's threatened with a new downward revision of the qualification of the kingdom of spain .
on the other hand , some uncertainty is not a bad moral risk , which advocates to silence tried again to create a case of awareness among lesresponsables of global economic policy which had hampered the destructive effects resulting from the credit limit on the destruction of the jobs , although what we should do is declare a new day of action for pardons .
however , the situation of dubai resembles a fight between tribal sheikhs to restore its place at the power in the emirates , and we have already seen the case in greece .
a government which hides a deficit , elections and a new government that discovered the pot in roses .
prodi did in italy , after berlusconi and socrates in portugal after durão barroso and
it is quite irrational ecofin saves hungary to a lack of respect for its external payments at the beginning of the year and allow a euro country not to respect its commitments .
what makes sense , however , is that the ecofin incited the greek government transparency , and makes its citizens are partly responsible for the need of extraordinary measures to maintain the stability of its public finances .
if , as expected , we are facing a transitional round of normalization of risk premium , after some excesses in positions , it would be expected .
in the case of spain , as long as our differences in the public debt has risen to the measure of the obligations of european companies , nousn' need to worry us .
if differences and that the europeans were us continued to increase , then we would be a risk idiosyncrasique spanish .
the standard & poor 's case is a story . when our forecast indicators force most studies services to anticipate their models of recovery and to revise upward their forecasts for 2011 , with the oecd and the european commission , which are on the offensive with a japanese pourl spanish economy model , it adds little hope for their warning .
again , it is all seem to be an excellent opportunity to buy assets spanish , although for the moment ' caution mother safety . "
sector message
the president of iberdrola , ignacio sanchez galán , yesterday , was the first to speak before the subcommittee of the congress of deputies , which is discussed in recent days the spain 's energy strategy for the next two decades .
after his speech , which was followed by that of the president of gas natural-fenosa , rafael villaseca , mr galán outlined for the press he had mentioned before the subcommittee , huit-clos .
for president of iberdrola , spain needs to invest 50 million euros until 2020 and 60 000 million more between now and 2030 , in the event that today the nuclear power plants in operation would remain open .
if that is not the case , the investment will would not but at 60 billion to 95 million .
iberdola , however , consider that for the next decade , the investment should not be used to increase the production capacity , but the distribution networks and to international connections .
from 2020 , the matter is changing , and it will increase the strength .
his bet focuses on both gas and coal plants , with mechanisms for recycling of carbon dioxide and , above all , renewable energies .
in this field , he believes that 18 , 000 megawatts more are needed , along with other " its support . "
galán sustainable economy , which believes that the draft law that the government has just approved is in line with the calls for his company , did not want to tackle the royal decree aimed at encouraging the use of coal , which contradicts the national policies to combat global warming .
according to him , there is a clear challenge to the long term " in this regard , despite the measures " specific , " as the president has called for iberdrola .
however , galán believe that investment decisions , although they are in the long term , will start to be taken , because they put some time to achieve their maturity and that a lucrative stable framework is needed to address them .
ferrovial won the market for the maintenance of aer lingus in ten airports
the swiss company swissport , subsidiary of ferrovial for airport on earth , services , will play the role of the irish airline aer lingus , privileged partner for the services of goods in 10 european airports where it is present .
paris , london , frankfurt , brussels , are among the most important .
the agreement , which the economic terms have not been disclosed , was a period of five years .
on the other hand , ferrovial , the junta reports of castilla-la mancha yesterday and the university of alcalá de henares signed a protocol of cooperation to create the innovation centre intelligent infrastructure .
alliance includes an investment of 20 million until 2012 , of which 50 % from ferrovial .
one of the tasks of the centre will carry out research on the energy efficiency on the highways and in airports .
acciona dispute his first highway in australia for hochtief and bouygues
acciona is fighting for his first motorway concession in australia , market where it is already working as water and energy company manager .
the task at hand is a tunnel which is estimated at 1.7 million australian dollars , around 1 047 million euros .
the french company bouygues , and the german company hochtief is its rival .
a tunnel of five kilometres long in the australian city of brisbane , on the east coast , that is the option for acciona to settle in the country as a public works company and distributor of motorways .
the mayoralty of the town to have them at the end of 2014 .
having chosen cooperation public / private - ppp for its initials in english in order to carry out the project , within the framework of a plan to do under the supervision of erns & young , the local administration already has a list of finalistes which will be responsible for the construction and operation of the toll .
in anticipation of the submission of bids in may next , the planned investment amounts to 1.7 million australian dollars approximately 1 047 million euros , and in the last phase three consortiums compete , with a significant presence of european manufacturers .
the group called transcity is being conducted by acciona , only spanish company smoothly , and his associates have mdbs and ghella .
the first australian is one of the largest manufacturers , while the second , established in italy , is one of the greatest european experts to work underground .
against the team of direct acciona , will hurt the northern consortium , with the presence of the british company laing o rourke , of the australian manager infrastructure transfield and the french manufacturer bouygues group .
the third and final consortium has passed the test is lbrjv , whose capital is shared between the australian leighton , of the german manufacturer hochtief subsidiary , which has in turn of the involvement of local acs , another company , baulderstone welsh - ownership of german bilfinger berger group and the company specialising in public works , razel .
the australian market infrastructure promises major sites and privatisations , but joining represents a very difficult , if not through takeover of a local construction company .
a strategy that followed the company hochtief and bilfinger already mentioned , besides their asian references , and which is still a step not approved for the spanish giants from the sector .
acs is just to gain a place on the market through its participation by 30 % in hochtief , owner of leighton .
assets millionaire
acciona placed on a geographical area of the utmost importance for the sector , which already has a large presence through its office of energy supplier and in the sector of the désalinisation .
among other assets , it has the largest number of windmills , that of waubra - 192 megawatts in victoria , and lead the reunification of companies responsible for building and managing the dessalinisateur adelaïde , with a budget of $ 700 million .
it now intends to strengthen these two areas and to take advantage of the synergy to enter the market of the construction and management of infrastructure .
underground road toll , promoted by the bureau of infrastructure in the city of brisbane and the northern link - link north - is going to connect the peripheral toowong the route to western highway kelvin grove , see the map , by 4 kilometers of existing tunnel . it is the largest project to reduce traffic congestion in brisbane .
the schedule set by the administration says that the auction will take place during the summer of 2010 , and that the work will begin in december next year .
despite the fact that the road will be open to traffic toll after 2014 , it is not expected that the work should be completed by 2016 .
the tunnel started to be designed in 2005 .
include two times two ways , a complex system of electronic toll , and a ventilation system .
the queensland government will 500 million australian dollars , 308 million euros in funding .
brisbane is already work for hochtief
australia continues to serve grow hochtief , who mentioned yesterday to obtain a contract with the government estimated at 154 million .
the company owned by acs is ready , through its subsidiary local leighton , the infrastructure of the national broadband network in optical fibre .
this speech will quickly to 400 , 000 people having access to the internet and will work for the german company for 18 months .
on the other hand , the company gave the project for the construction of the tower king george , 27 , in the city of brisbane floors . the work has not yet begun and hochtief has concluded the sale to 129 million .
in the united kingdom , particularly in manchester , it will share with laing o rourke the construction and management of school two groups for 25 years .
the initial investment will be to 75 million euros .
fcc is adjudiquer a tunnel in slovenia to 64 million
fcc alpine , through its subsidiary , is adjudiquer building a 2.1 kilometers long on a motorway tunnel in slovenia , at a cost of 64,5 million euros .
the company has got the contract , days after having held responsible for work of enlargement of the tunnel bosruck , austria , for a $ 130 million .
alpine thereby consolidates its experience in the tunnels .
the start of the shipyard is planned for early 2010 and its achievement will take 32 months .
sra . rushmore is adjudiquer renfe 's advertising
renfe said advertising and marketing services over the next two years for the agency sra . rushmore , with a budget of about three million euros per year , the railway operator said .
the contract refers to the possibility of two extensions of 12 months each . sra . rushmore was chosen among 16 agencies that have arisen in the tender organised by renfe , of which four have been finalistes , whose tbwa who was responsible for the creativity in the last three years .
from now on sra ; rushmore will be in charge of the design and production in the countryside .
a fine of 63 million for france telecom to curb the competition
french competition regulator has imposed a fine of 63 million euros to france telecom for its conduct anti-competitive in the caribbean region belonging to the country .
according to this institution , the operator has limited competition on fixed and mobile telephony by signing exclusive agreements , fares and programs of loyalty to consumers on the fringes of the regulation .
with this step , the former french monopoly and even state company , is more than 450 million euros in fines since 1994 , because of the obstacles they make its competitors .
the sanctioning yesterday has been increased since the authority which ensures competition considers that france telecom has made similar crimes in the past , and it is therefore repeat offender .
a shop in applications
on the other hand , the mobile phone subsidiary of the french company has followed the wake of other operators and opened a shop of internet applications , with the aim of increasing revenues , which are not of the transmission of voice .
initially , the applications of orange shop will be active in france and the uk .
must wait until 2010 to it happening in other countries , such as spain .
their participation in the champions league told 476,4 million at real madrid and the barça since its establishment
the champions ' league has become a source of income for the clubs since its inception in 1992 .
indeed , the real madrid and the f.c. barcelona won 467,4 million , which puts them in the third and fifth clubs who have earned as much money in this competition .
a manchester united is at the very top of the list .
a manchester united is at the very top of the list .
winning the uefa champions league does not just the glory . he is also one of the main sources of income for big clubs .
indeed , the competition has distributed 5 362,5 million euros to 105 spanish teams , including 12 who participated in the event since the creation of the tournament , in the course of the 1992 season , according to data from uefa .
the f.c. barcelona and real madrid has been well served during the division .
the club white was the third of the continent to reach the more money for participation , and the only one , with the a.c. milan , has won three times the area .
the catalan club , current , taking the title and final winner of the old european cup in 1992 , is fifth on the list .
at the top of the list are a manchester united and bayern munich , the two teams who have charged , in addition , the more money for their involvement in the final champions league .
and this , although they have lost in the barça .
on the other hand , spain is only the third country , in terms of money reported in the champions ' league , although it has won more titles than any other , five , while italy won four , england and germany , two - three .
question of how to divide
this seeming paradox is explained by the complex process of distribution of the money used by uefa .
this year 's body headed by michel platini expects to earn 1 090 million , thanks to the champions league .
of this amount , uefa will 413,1 million fixed payments : each of the 20 clubs , which have engaged to classification matches , including the atlético madrid , has received 2.1 million .
moreover , those who have managed to take part received only to be 3.8 million , in addition to midnight 550 euros for each match played .
there are also a bonus in the event of victory - 800,000 euros and equal - 400 000 for each team . those who come to huitièmes to receive three million each , the final eight teams arrive in final quarter of reçoivent3,3 million .
the last four teams will be 4 million each .
and the champion wins , 9 million compared to 5.2 received from the other final .
and , under the fixed payments , a club gain at least 7.1 million , and a maximum 31,2 million .
on the other hand , the barça was pocketed 2.5 million on winning the super european cup in august .
but there are the variable payments , which goes 337,8 million .
this money is distributed on the basis of the proportional value of every market news .
the spanish market is the one of the most significant , and have four seats attitrées .
the champion of the last year making 40 % of the money allocated , 30 % in the second , 20 % for the third and 10 % in the fourth .
the other party will be made according to the number of matches played over the " edition of the current year .
nueva rumasa offer 61 million euros to 29.9 percent of the sos .
the group nueva rumasa listed yesterday the details of the offer to purchase of shares by which it intends to acquire a maximum of 25 to 29.9 percent of the capital of sos .
a percentage that do not oblige it to launch a takeover bid - takeover - for the entire securities .
specifically , nueva rumasa offers 1,5025 euros per share , which will be disbursed in 10 years and will be paid at a rate of 1 percent per annum for the delay .
yesterday , the actions of sos have completed at 1.85 euros , the supply of nueva rumasa assesses so the company 18 percent below the market .
according to nueva rumasa , the price for one and a half euros reflects the " real assessment of sos .
supply is dependent on the nomination of eight of the 15 councillors .
jerez 's group gives a deadline for 15 days for the shareholders show an interest in the sale of titles .
the cnmv said have not been informed of the offer , although the company of ruiz mateos stated that she had contacted the regulator .
if he would place , the disbursement is " 611,7 million , while the capital of sos is to 254,27 million .
sos , meanwhile , continues a restructuring of its leadership .
in a bid to remain outside of any offers to buy and the judicial and goes to his former directors , the brothers jesús and jaime salazar , announced the election of maria luis jordá as head of internal audit .
a decision which in fact , the first woman to occupy a leading post in the food business .
it is a newly created post who depends directly on the president of the group .
and it is not immune from legal argument , because the company is submerged in the battle for the alleged misappropriation of more than 230 million sos to companies from the salazar .
elsewhere , the possibility that in the next few months sos reveals new misappropriation of funds could not be ruled out .
on credit for salazar , the former advisers ildefonso ortega and ángel fernández noriega , representatives of the ccm and unicaja declared yesterday in the high court that they had been informed of the diversion of 212 million without knowing its destination .
the cnmv allows the exclusion of paternina presented by takeover inversora sea
the national commission of the stock market , cnmv gave yesterday the takeover of exclusion presented by inversora on federico sea paternina on 9 october .
the supervisory body said it allowed the operation because he understood that his words are ajustaient standards in place and that he considered " enough " the contents of the documents presented explanatory , following the changes implemented on 2 december .
the cnmv said supply concerns the acquisition of 550 008 actions of federico paternina at a price of 7,65 euros per share , which represents 8,95 % of the capital , consisting of six 142 786 actions admitted to negotiation on stock exchanges in madrid and bilbao .
he also explained that 5 592 778 million shares were immobilisées , and that they could in no way be sent before the completion of the offer , he said that the price set by federico paternina , in accordance with the provisions of the standards .
new tools for the expertise of the car
in these days of bad weather and of accidents , the garages car are not the only winner .
every day , thousands of cars have been a sinister are brought up to a garage , where an expert to assess the damage and the cost of repairs .
each claim is different , and the calculation of the cost of coins and the time of workforce can be a long and complex process .
calculating compensation to shoulder the cost of between 20,000 and 30,000 euros , including the parts and the workforce may take two or three hours .
on the other hand , with the assistance of the most recent computer tools , it would be a matter of minutes .
it is for that reason that almost 100 % of the experts use such systems .
service providers and solutions for the evaluation of sinister and maintenance devoted to the collection of information provided by the manufacturers , and then treat them and offer them to customers in the form of a useful tool .
in spain , audatex , of the north american solera leader , is the company ; 80 % of the assessments are made with its products .
other companies to compete in the field of evaluation and tools for the development of information on the sector are gtmotive and eurotax .
the work with the data supplied by the manufacturers is far from simple .
according to audatex eduardo velázquez , commercial director , the company in spain , with 63 manufacturers and importers , and each of them provide the information in a different format .
in addition , the amount of data to treat continues to grow , so that in the past five years , more than versions , variations and motorisations have been launched in the past 15 years .
when a new car lot on the market these businesses are at work .
it is a very difficult work , as catalogue every thousand pieces of the vehicle and it should include its price .
in addition , it sets a graphic image " smart " of each model on which we can click on the different parts of a car to tourism .
if it is a model sold in huge numbers , the work can be ready in a week if the process moving very quickly .
if it is a little car sold it can take three or four months . at present , audatex have information about 99,2 % of the cars sold in spain .
among the most exclusive models , for example , they have of information about the porsche , but not the ferrari and lamborghini .
on the vehicles in circulation , the figure exceeds the 99 % .
for the job of documentation and preparing the databases , audatex has eight centers spread all over the world , spain , france , germany , the united states , brazil , mexico , china and japan , and all of them are specialized in some brands .
the national is located in alcobendas - madrid .
there , more than a hundred technicians or mechanical general experts working simultaneously in three screens computers .
audatex invest 90 million per year to get these databases .
each month , 2.5 million of data are stored , and consumers are actualisations every two days .
drafting of the enormous flow of information allows the companies to give them various uses and to offer products varied .
the most frequent application for repair and maintenance , but in different countries , there are also tools for the management of the components of residual or damage to calculate the value vénale or of a car .
the only company that has a guide to making inquiries on the value of used cars in spain is eurotax .
audatex suggests not in our countries , but it does in the united states .
in view of the products offered by audatex , it is easy to get an idea of the kind of support it can provide professionals of the sector .
this company provides 10 different tools , the flagship being audaplus standard evaluation , the solution of claims , designed the experts .
there are cars , motorcycles , industrial light and heavy vehicles .
in addition to the cost of the coins , it takes into account the time to repair estimated by the manufacturer and the fees of paint .
this tool comes in line with its use , for every estimate .
the highest cost is to 5.75 euros , for customers who use it shortly , the maximum 10 times a month .
then every insurance company , which carries out thousands of reports , negotiating a price with audatex .
other products , such as audavin , allow the full identification of a vehicle and equipment , with whom he is out of the assembly line , only in the number of windows .
audaglass focuses on the glass of cars , and audasubastas is an internet server open to industry that provides for enchérir on vehicles declared wrecks .
his office of statistics is very useful to identify the tendencies , conducting tests géo-démographiques or knowledge of the current problems by mark or model .
it is possible to study , for example , how many models of a determined went in the garage to mark a bus or how many have suffered from serious claims for a certain period .
motivates gt is the only spanish company which is devoted to the development of this type of tools .
it is selling , among other things , gt estimate , which is also intended to experts and provides digital images , as well as access to documents , prices and official time of the manufacturer .
gt drives is a business of the einsa , founded in 1971 , as a provider of services and solutions evaluation of claims , and devoiture outages or maintenance .
leader gt evaluation is a product of historical reference in the market .
the company is working with 24 thousand users in garages , 3 100 specialists and 53 insurance companies .
volume of business has grown at a rate of 20 percent per year over the past three years , and it has made a turnover of 10,8 million euros in 2008 .
at the beginning of the last year , it has made its process of globalization , with the establishment of an office in paris .
on his side , audatex is born in germany in 1996 and has served in spain in 1979 .
according to sources from the company , 62 % of its turnover is carried out in europe and the rest of the world , and the remaining 38 % in north and south america , it works with 900 insurance companies and 33 , 000 , of which 3,000 are garages in spain .
the turnover of the world solera - audatex , sidexa , informex abz , hollander and ims - s " amount to $ 557 million , more than 3.3 % in 2008 .
in our country , the company will receive 19.1 million euros , 7.2 percent more than in the last year .
in 2005 , the group solera was quoted on the stock exchange to 1000 million dollars , today , its shares are estimated at a total of 2 of 400 million dollars .
in 2007 , it is behind the new york stock exchange and is one of the benchmark index standard & poor 's .
auctions on the internet of cars accidentées
last october , the group solera bought autoonline , internet platform for the sale of cars , motorcycles and special vehicles disaster .
the operation has involved a cost of 59,5 million euros for 85 percent of the company 's capital , which could widen the next year to 15 % .
the aim of the acquisition was to deliver more value added services to its clients , with the possibility of finding an enormous international market .
estimates of this service and sale is directed exclusively to workers in the sector , such as insurance companies , the experts , leasing companies , the garages , professional casses and vendors who must be registered before starting to carry out operations .
this platform was created in 1996 in germany , and manages more than 650 , 000 operations across europe , including 500 , 000 in germany .
among its main markets are spain , france , greece , poland , and turkey .
there are currently more than 1500 vendors and 4,000 registered experts on the site .
it manages 3,000 announcements by day and to the spanish market , 100 new statements are issued every day .
under spanish law , a car with the chassis number has been removed can no longer walk , but on the other hand , some parts that are not damaged can be used as spare parts .
cars for collectors can be réenregistrées , although they have now been withdrawn , after steps complex .
estimate of a garage in four stages
with the auda-taller tool , the company audatex ensures that the user gets an estimate only four steps : identify the vehicle spare , seek the room , create a estimate and generate .
the ease of use is an essential element of these systems , especially to convince the older workers who , to a greater or lesser extent , are resistant to the use of new technologies in management .
the database includes 1 034 , whose 666 in cars , 109 tout-terrains , 137 bikes , 78 vans and 44 trucks .
naturally , in order to use it , a computer and connection to the internet are needed .
once the model to repair identified through its number of windows , a graphic image model in question is can you really necessary selects the piece .
the user can include variables like the price of the workforce , supplements or reduced , then you can set the estimate for the return to the customer .
audataller is not a tool to estimate , as audaplus , but a litany of references .
the difference between these two systems is than that for garages do not include the time of estimated workforce .
the cost of using this tool in the garage of 350 euros a year , which can be the subject of a credit .
at present , the company audatex working so that these pictures are in three dimensions .
this is something that engineers are a very positive because it will , for example , to select a door and turn to see the face internally .
