Aligning...
NOTE: TM logprobs may be positive since they do not include segmentation
SENTENCE PAIR:
honorables sénateurs , que se est - il passé ici , mardi dernier ?
what has happened here , last Tuesday , honourable Senate ?
TOTAL LM LOGPROB: -23.955955
...........
TOTAL TM LOGPROB: -0.603731
SENTENCE PAIR:
un Comité de sélection a été constitué .
a selection committee was achievement .
TOTAL LM LOGPROB: -15.185380
......
TOTAL TM LOGPROB: -1.531946
SENTENCE PAIR:
je ai assisté hier à la première réunion de ce comité .
yesterday I attended a meeting of the first to committee .
TOTAL LM LOGPROB: -16.647016
...........
TOTAL TM LOGPROB: -1.885905
SENTENCE PAIR:
et je me attendais à ce que le comité avoue que il ne savait trop quoi faire de les sénateurs indépendants .
i am surprised that the committee to rise and make it does not really know what independent senators .
TOTAL LM LOGPROB: -30.178216
...................
TOTAL TM LOGPROB: -8.613806
SENTENCE PAIR:
ce qui ne me préoccupe pas tellement pour le instant .
i am not so that concern for the time .
TOTAL LM LOGPROB: -13.471828
..........
TOTAL TM LOGPROB: -2.058803
SENTENCE PAIR:
les membres de le Comité de sélection peuvent avoir une certaine incidence .
the selection committee can show some impact .
TOTAL LM LOGPROB: -17.776348
........
TOTAL TM LOGPROB: -1.589896
SENTENCE PAIR:
sur les travaux que entreprendra un sénateur à le cours de les deux prochaines années .
over the next two years in the work that undertaking a senator .
TOTAL LM LOGPROB: -22.479448
.............
TOTAL TM LOGPROB: -1.499120
SENTENCE PAIR:
il se agit de un comité important , puisque , en principe , ces neuf sénateurs déterminent à quel comité siégeront certains sénateurs .
it is important to a committee , as to what they actually , supposedly new Senate committee sit some senators .
TOTAL LM LOGPROB: -41.003119
.....................
TOTAL TM LOGPROB: -5.899040
SENTENCE PAIR:
je me suis donc présenté à la séance de le comité de hier pour constater que un de les neuf sénateurs était absent .
i am therefore introduced in the last sitting of the Senate committee was to realize that one of the nine to attend .
TOTAL LM LOGPROB: -37.414252
.......................
TOTAL TM LOGPROB: -2.381273
SENTENCE PAIR:
il avait envoyé un remplaçant .
it was sent a replacement .
TOTAL LM LOGPROB: -12.360269
......
TOTAL TM LOGPROB: -0.162746
SENTENCE PAIR:
honorables sénateurs , je ne nommerai personne .
i honourable name , not individual senators .
TOTAL LM LOGPROB: -19.432093
........
TOTAL TM LOGPROB: -2.391563
SENTENCE PAIR:
vous voyez donc à quel point je suis gentil , ne est - ce pas ?
i am therefore that you can see , did he not nice ?
TOTAL LM LOGPROB: -21.187651
.............
TOTAL TM LOGPROB: -1.665508
SENTENCE PAIR:
les sénateurs devront faire leurs propres recherches pour trouver qui était en faute .
the Senate will have to find that had been because their own research .
TOTAL LM LOGPROB: -26.760924
..............
TOTAL TM LOGPROB: -1.583197
SENTENCE PAIR:
lorsque une personne accepte un travail , elle doit le accomplir .
one must accept the , a job when they do .
TOTAL LM LOGPROB: -18.724103
...........
TOTAL TM LOGPROB: -3.280624
SENTENCE PAIR:
les femmes qui siègent à le Sénat ont prouvé .
the women who have proven sitting on the Senate .
TOTAL LM LOGPROB: -19.538853
..........
TOTAL TM LOGPROB: 0.207638
SENTENCE PAIR:
elles remplissaient leur devoir beaucoup mieux que la majorité de les hommes à le Sénat .
they have much more that the majority of the men remplissaient them in the Senate .
TOTAL LM LOGPROB: -29.402459
................
TOTAL TM LOGPROB: -0.805479
SENTENCE PAIR:
je me souviens de les séances que a tenues le sous - comité de les anciens combattants en février 1998 .
i remember that the committee held for the veterans of meetings in 1998 , on February .
TOTAL LM LOGPROB: -30.849502
.................
TOTAL TM LOGPROB: -6.881255
SENTENCE PAIR:
Ni le Sénat ni la Chambre de les communes ne siégeait à ce moment - là .
the Senate is sitting in the House of Commons or Ni that point .
TOTAL LM LOGPROB: -25.040871
..............
TOTAL TM LOGPROB: -0.712971
SENTENCE PAIR:
trois sénateurs libéraux ont assisté à les délibérations de le comité , tous de les femmes .
the Liberals have three of the Senate committee sat in the proceedings of all , women .
TOTAL LM LOGPROB: -28.227642
.................
TOTAL TM LOGPROB: -0.300468
SENTENCE PAIR:
les dirigeants de le Sénat ne ont pu trouver un homme pour siéger à ce comité .
the leadership of the Senate committee could not find it to a man .
TOTAL LM LOGPROB: -22.616636
..............
TOTAL TM LOGPROB: -0.783900
SENTENCE PAIR:
je pourrais vous citer , mot pour mot , ce que le honorable sénateur Carstairs a répondu à la question que je lui ai posée .
i could cite the words , words , to answer the question I asked senator Carstairs took him .
TOTAL LM LOGPROB: -32.456627
...................
TOTAL TM LOGPROB: -5.479562
SENTENCE PAIR:
je lui ai demandé : « Quels étaient les critères appliqués ? »
the criteria are as follows : " I asked was Quels ? "
TOTAL LM LOGPROB: -25.334882
.............
TOTAL TM LOGPROB: -0.644951
SENTENCE PAIR:
elle a déclaré que elle était la première à aborder la question de la représentation de les femmes dans un rapport .
she said that it was the first to address the representation of women in a report .
TOTAL LM LOGPROB: -28.086877
.................
TOTAL TM LOGPROB: -0.972826
SENTENCE PAIR:
que elle avait rédigé sur les associations parlementaires en 1993 .
in 1993 that it was struck by the parliamentary associations .
TOTAL LM LOGPROB: -17.542164
...........
TOTAL TM LOGPROB: -3.945782
SENTENCE PAIR:
Les délégations à le époque étaient formées uniquement de hommes .
at the time of men were only formées delegations Les .
TOTAL LM LOGPROB: -30.767698
...........
TOTAL TM LOGPROB: -0.616393
SENTENCE PAIR:
À ce sujet , je rappelle que je ai été remplacé par le sénateur Finestone pendant quelques années .
in this regard , I have been replaced by Senator on Finestone for a number of years .
TOTAL LM LOGPROB: -30.237192
..................
TOTAL TM LOGPROB: -0.239447
SENTENCE PAIR:
toutefois , je attends encore le occasion de réintégrer mon association préférée .
however , I look forward to enter the my association has preferred .
TOTAL LM LOGPROB: -24.497350
.............
TOTAL TM LOGPROB: -4.191202
SENTENCE PAIR:
honorables sénateurs , je ne sais pas comment ni quand la Chambre prendra une décision à le sujet de ces deux rapports .
when I do not know how honourable the Senate and House or about these two reports will be decision .
TOTAL LM LOGPROB: -36.710896
....................
TOTAL TM LOGPROB: -0.430118
SENTENCE PAIR:
chaque fois que les sénateurs sont interviewés à la télévision .
the verdict is that each on television senators .
TOTAL LM LOGPROB: -21.407942
.........
TOTAL TM LOGPROB: -2.488914
SENTENCE PAIR:
ou interrogés par un groupe de étudiants , de journalistes ou autres .
in a or any group or wondered journalists of students .
TOTAL LM LOGPROB: -26.964727
...........
TOTAL TM LOGPROB: -4.232742
SENTENCE PAIR:
que disons - nous ?
if we do that ?
TOTAL LM LOGPROB: -6.512495
.....
TOTAL TM LOGPROB: -2.770944
SENTENCE PAIR:
ce est vrai , et je y crois .
it is true , I believe it .
TOTAL LM LOGPROB: -9.957294
........
TOTAL TM LOGPROB: -1.479368
SENTENCE PAIR:
toutefois , cela devrait se traduire dans les faits .
however , it should be translated in fact .
TOTAL LM LOGPROB: -15.413991
.........
TOTAL TM LOGPROB: -0.425484
SENTENCE PAIR:
je ne crois pas à la substitution .
i do not believe in the alternative .
TOTAL LM LOGPROB: -10.669427
........
TOTAL TM LOGPROB: -1.598738
SENTENCE PAIR:
si un sénateur accepte un poste à le sein de un comité , il ou elle devrait participer à toutes les réunions prévues .
if a senator in a position to accept or any part of a committee meetings , it should carry .
TOTAL LM LOGPROB: -38.574860
....................
TOTAL TM LOGPROB: -5.576354
SENTENCE PAIR:
nous ne sommes pas de les députés auxquels on dit dans les corridors :
we must not be in the members of the corridors said :
TOTAL LM LOGPROB: -20.095142
............
TOTAL TM LOGPROB: -3.522672
SENTENCE PAIR:
« Présentez - vous à le comité aujourd' hui et , après deux ans de études , il y aura un vote final en comité . »
do you today and in committee , " Présentez after two years , we will vote in a committee to study final '' .
TOTAL LM LOGPROB: -47.054966
........................
TOTAL TM LOGPROB: -2.127900
SENTENCE PAIR:
ils ne savent même pas ce sur quoi ils se prononcent , mais ils lèvent la main lorsque leurs dirigeants lèvent la leur .
they do not know what they are viewed as out to them , but when they stand stand leaders .
TOTAL LM LOGPROB: -33.693501
....................
TOTAL TM LOGPROB: -7.366593
SENTENCE PAIR:
ils ne savent absolument pas ce qui se est passé .
they just do not know what happened .
TOTAL LM LOGPROB: -10.039096
........
TOTAL TM LOGPROB: -3.069868
SENTENCE PAIR:
honorables sénateurs , les mots « continuité » et « dévouement » sont à la mode dans nos discours .
the words " and " senators honourable '' , " is the way in our dedication continuité speech .
TOTAL LM LOGPROB: -43.745760
...................
TOTAL TM LOGPROB: -0.260285
SENTENCE PAIR:
À le cours de les deux prochaines semaines , commençons à réfléchir à la façon dont nous allons aborder la situation de les sénateurs indépendants .
over the next two weeks , how we will look at the beginning to address the independent senators .
TOTAL LM LOGPROB: -30.444350
...................
TOTAL TM LOGPROB: -2.569049
SENTENCE PAIR:
si nous ne le faisons pas , je créerai mon propre comité de parlementaires qui se intéressent à les affaires internationales .
i do not do that , if we as parliamentarians who are concerned about the créerai my own world affairs committee .
TOTAL LM LOGPROB: -37.938362
......................
TOTAL TM LOGPROB: -2.334842
SENTENCE PAIR:
personne ne peut nous en priver .
we try to no one can .
TOTAL LM LOGPROB: -11.814277
.......
TOTAL TM LOGPROB: -2.254787
SENTENCE PAIR:
son Honneur le Président :
the Honour the Speaker :
TOTAL LM LOGPROB: -12.744371
.....
TOTAL TM LOGPROB: -0.438368
SENTENCE PAIR:
si aucun autre honorable sénateur ne désire prendre la parole , vous plaît - il , honorables sénateurs , de adopter la motion ?
if you do not speak , like other hon. Senator adopt the motion , is it the pleasure of Senate and honourable ?
TOTAL LM LOGPROB: -42.168480
.......................
TOTAL TM LOGPROB: -4.780520
SENTENCE PAIR:
de les voix :
some hon. members :
TOTAL LM LOGPROB: -2.473790
....
TOTAL TM LOGPROB: 0.332712
SENTENCE PAIR:
de accord .
in agreement .
TOTAL LM LOGPROB: -5.823751
...
TOTAL TM LOGPROB: 0.020604
SENTENCE PAIR:
( la motion est adoptée , et le rapport est adopté . )
( motions deemed adopted , the report and agreed to )
TOTAL LM LOGPROB: -13.596412
...........
TOTAL TM LOGPROB: 0.212423

Total corpus log probability (LM+TM): -1246.694807
