what happened , last Tuesday , by honourable Senate ? 
a selection committee was achievement . 
yesterday I attended a meeting of the first to committee . 
i rise to the Senate committee that make it and not really know what surprised . independent 
i am not so that concern for the time . 
the selection committee can show some impact . 
over the next two years in the Senate work that an undertaking . 
as to what it is an important , this committee , supposedly new Senate committee some senators . actually sitting 
i am one of the committee to realize that was introduced in the last sitting of the Senate is indeed of nine . 
it was sent a replacement . 
i do not name , one honourable . senators 
i am not so that , would you see this kind ? 
that will have to find in their own research was the fault . senators 
when one , it must accept the do a job . 
the sitting on the women who have proven Senate . 
they have the majority of them in the Senate that much more men remplissaient . 
i remember that in the veterans of the committee held in the February to the hold 1998 . 
the House of Commons or is it then sitting in the Senate Ni . 
all of the committee , for women in the proceedings saw Liberals three senators . 
it to the Senate committee could not find a man of the leaders . 
i could cite the words to the question I asked for . , said words , senator Carstairs hon. 
i asked him were the criteria are as follows : " Quels ? " 
the first report of the said it was to address it in a representation that the women . 
in 1993 that they were on the parliamentary associations drafted . 
at the time of men were only . The formées delegations 
on this issue , as I have been replaced by the Senate . for a number of years Finestone 
however , I want the opportunity to look back my association preferred . 
