Aligning...
NOTE: TM logprobs may be positive since they do not include segmentation
SENTENCE PAIR:
honorables sénateurs , que se est - il passé ici , mardi dernier ?
what happened , last Tuesday , this honourable Senate ?
TOTAL LM LOGPROB: -22.836229
..........
TOTAL TM LOGPROB: -2.074582
SENTENCE PAIR:
un Comité de sélection a été constitué .
was a selection committee achievement .
TOTAL LM LOGPROB: -16.247888
......
TOTAL TM LOGPROB: -1.531946
SENTENCE PAIR:
je ai assisté hier à la première réunion de ce comité .
yesterday I attended a meeting of the first to committee .
TOTAL LM LOGPROB: -16.647016
...........
TOTAL TM LOGPROB: -1.885905
SENTENCE PAIR:
et je me attendais à ce que le comité avoue que il ne savait trop quoi faire de les sénateurs indépendants .
i will not be surprised that the Senate committee and what he knew too independent . rise
TOTAL LM LOGPROB: -36.429606
.................
TOTAL TM LOGPROB: -7.174906
SENTENCE PAIR:
ce qui ne me préoccupe pas tellement pour le instant .
i am not so that concern for the time .
TOTAL LM LOGPROB: -13.471828
..........
TOTAL TM LOGPROB: -2.058803
SENTENCE PAIR:
les membres de le Comité de sélection peuvent avoir une certaine incidence .
the selection committee can show some impact .
TOTAL LM LOGPROB: -17.776348
........
TOTAL TM LOGPROB: -1.589896
SENTENCE PAIR:
sur les travaux que entreprendra un sénateur à le cours de les deux prochaines années .
the next two years in the debate on a Senate that undertaking .
TOTAL LM LOGPROB: -21.532997
.............
TOTAL TM LOGPROB: -3.494466
SENTENCE PAIR:
il se agit de un comité important , puisque , en principe , ces neuf sénateurs déterminent à quel comité siégeront certains sénateurs .
it is a principle as important as this committee , to determine what some new Senate committee sit senators .
TOTAL LM LOGPROB: -40.293260
....................
TOTAL TM LOGPROB: -7.260406
SENTENCE PAIR:
je me suis donc présenté à la séance de le comité de hier pour constater que un de les neuf sénateurs était absent .
i am one of the committee to realize that it was introduced in the last sitting of the Senate of nine indeed .
TOTAL LM LOGPROB: -35.251043
.......................
TOTAL TM LOGPROB: -4.077984
SENTENCE PAIR:
il avait envoyé un remplaçant .
it was sent a replacement .
TOTAL LM LOGPROB: -12.360269
......
TOTAL TM LOGPROB: -0.162746
SENTENCE PAIR:
honorables sénateurs , je ne nommerai personne .
it is one name Senate and honourable .
TOTAL LM LOGPROB: -19.192351
........
TOTAL TM LOGPROB: -3.425602
SENTENCE PAIR:
vous voyez donc à quel point je suis gentil , ne est - ce pas ?
i am not so that , would you see this kind ?
TOTAL LM LOGPROB: -21.613133
............
TOTAL TM LOGPROB: -2.664295
SENTENCE PAIR:
les sénateurs devront faire leurs propres recherches pour trouver qui était en faute .
that was the fault of their own will have to find senators . research
TOTAL LM LOGPROB: -28.941171
..............
TOTAL TM LOGPROB: -3.584604
SENTENCE PAIR:
lorsque une personne accepte un travail , elle doit le accomplir .
it should do the job , when one accepts an .
TOTAL LM LOGPROB: -21.415832
...........
TOTAL TM LOGPROB: -2.223530
SENTENCE PAIR:
les femmes qui siègent à le Sénat ont prouvé .
the sitting on the women who have proven Senate .
TOTAL LM LOGPROB: -20.608390
..........
TOTAL TM LOGPROB: 0.003675
SENTENCE PAIR:
elles remplissaient leur devoir beaucoup mieux que la majorité de les hommes à le Sénat .
the majority of the Senate in that duty they will be better men remplissaient .
TOTAL LM LOGPROB: -27.413871
...............
TOTAL TM LOGPROB: -5.116470
SENTENCE PAIR:
je me souviens de les séances que a tenues le sous - comité de les anciens combattants en février 1998 .
i remember that in the veterans of the committee held in the February to the hold 1998 .
TOTAL LM LOGPROB: -35.353192
..................
TOTAL TM LOGPROB: -2.332475
SENTENCE PAIR:
Ni le Sénat ni la Chambre de les communes ne siégeait à ce moment - là .
the House is then sitting in the Senate or the Ni .
TOTAL LM LOGPROB: -24.412136
............
TOTAL TM LOGPROB: -3.151011
SENTENCE PAIR:
trois sénateurs libéraux ont assisté à les délibérations de le comité , tous de les femmes .
the Liberals have , for all of the Senate committee after three proceedings of women .
TOTAL LM LOGPROB: -29.261896
................
TOTAL TM LOGPROB: -2.748020
SENTENCE PAIR:
les dirigeants de le Sénat ne ont pu trouver un homme pour siéger à ce comité .
it to the Senate committee could not find a man of the leaders .
TOTAL LM LOGPROB: -24.207054
..............
TOTAL TM LOGPROB: -0.961012
SENTENCE PAIR:
je pourrais vous citer , mot pour mot , ce que le honorable sénateur Carstairs a répondu à la question que je lui ai posée .
the answer the question I asked to your attention , and I could say a word senator Carstairs hon. .
TOTAL LM LOGPROB: -34.287077
....................
TOTAL TM LOGPROB: -7.066164
SENTENCE PAIR:
je lui ai demandé : « Quels étaient les critères appliqués ? »
i asked him were the criteria are as follows : " Quels ? "
TOTAL LM LOGPROB: -26.866009
..............
TOTAL TM LOGPROB: 0.422687
SENTENCE PAIR:
elle a déclaré que elle était la première à aborder la question de la représentation de les femmes dans un rapport .
the first report of the minister said that it was to address the women in a representation .
TOTAL LM LOGPROB: -28.072191
..................
TOTAL TM LOGPROB: -1.845955
SENTENCE PAIR:
que elle avait rédigé sur les associations parlementaires en 1993 .
in 1993 that they were on the parliamentary associations drafted .
TOTAL LM LOGPROB: -21.827385
...........
TOTAL TM LOGPROB: -1.211048
SENTENCE PAIR:
Les délégations à le époque étaient formées uniquement de hommes .
at the time of men were only . The formées delegations
TOTAL LM LOGPROB: -32.256246
...........
TOTAL TM LOGPROB: -1.201420
SENTENCE PAIR:
À ce sujet , je rappelle que je ai été remplacé par le sénateur Finestone pendant quelques années .
i was on the matter , for a number of years in the Senate . replaced by Finestone
TOTAL LM LOGPROB: -33.453496
..................
TOTAL TM LOGPROB: -3.360002
SENTENCE PAIR:
toutefois , je attends encore le occasion de réintégrer mon association préférée .
however , I will look back the opportunity to my association preferred .
TOTAL LM LOGPROB: -25.957212
.............
TOTAL TM LOGPROB: -2.650985
SENTENCE PAIR:
honorables sénateurs , je ne sais pas comment ni quand la Chambre prendra une décision à le sujet de ces deux rapports .
i do not know about these two , when the House will be no matter how honourable . senators reports
TOTAL LM LOGPROB: -40.536593
....................
TOTAL TM LOGPROB: -2.887457
SENTENCE PAIR:
chaque fois que les sénateurs sont interviewés à la télévision .
that is in the Senate whenever the verdict . television
TOTAL LM LOGPROB: -26.890939
..........
TOTAL TM LOGPROB: -2.611829
SENTENCE PAIR:
ou interrogés par un groupe de étudiants , de journalistes ou autres .
in a or any group of students or by wondered . journalists
TOTAL LM LOGPROB: -34.068975
............
TOTAL TM LOGPROB: -2.148499
SENTENCE PAIR:
que disons - nous ?
if we do that ?
TOTAL LM LOGPROB: -6.512495
.....
TOTAL TM LOGPROB: -2.770944
SENTENCE PAIR:
ce est vrai , et je y crois .
it is true , I believe it .
TOTAL LM LOGPROB: -9.957294
........
TOTAL TM LOGPROB: -1.479368
SENTENCE PAIR:
toutefois , cela devrait se traduire dans les faits .
however , in fact it should be lower .
TOTAL LM LOGPROB: -14.957819
.........
TOTAL TM LOGPROB: -1.648550
SENTENCE PAIR:
je ne crois pas à la substitution .
i do not believe in the alternative .
TOTAL LM LOGPROB: -10.669427
........
TOTAL TM LOGPROB: -1.598738
SENTENCE PAIR:
si un sénateur accepte un poste à le sein de un comité , il ou elle devrait participer à toutes les réunions prévues .
it in a position to a committee , he should participate or any if a senator . meetings accept provided
TOTAL LM LOGPROB: -49.013744
....................
TOTAL TM LOGPROB: -2.174093
SENTENCE PAIR:
nous ne sommes pas de les députés auxquels on dit dans les corridors :
some hon. members : we are not the words in which the corridors
TOTAL LM LOGPROB: -26.675545
.............
TOTAL TM LOGPROB: -0.665739
SENTENCE PAIR:
« Présentez - vous à le comité aujourd' hui et , après deux ans de études , il y aura un vote final en comité . »
there is a committee to study the today and in committee , " you vote for two years after the final Présentez '' .
TOTAL LM LOGPROB: -42.985377
........................
TOTAL TM LOGPROB: -4.746916
SENTENCE PAIR:
ils ne savent même pas ce sur quoi ils se prononcent , mais ils lèvent la main lorsque leurs dirigeants lèvent la leur .
they do not know what they are the same , but when they stand to them . The directors considers their stand
TOTAL LM LOGPROB: -41.226041
......................
TOTAL TM LOGPROB: -5.416913
SENTENCE PAIR:
ils ne savent absolument pas ce qui se est passé .
they do not know what happened no .
TOTAL LM LOGPROB: -12.178700
........
TOTAL TM LOGPROB: -1.556892
SENTENCE PAIR:
honorables sénateurs , les mots « continuité » et « dévouement » sont à la mode dans nos discours .
in the words " and " '' , " is the way our honourable . speech senators continuité dedication
TOTAL LM LOGPROB: -48.159326
...................
TOTAL TM LOGPROB: -0.897879
SENTENCE PAIR:
À le cours de les deux prochaines semaines , commençons à réfléchir à la façon dont nous allons aborder la situation de les sénateurs indépendants .
in the way we will look at the beginning to address the next two weeks , independent . senators
TOTAL LM LOGPROB: -36.204863
...................
TOTAL TM LOGPROB: -2.078578
SENTENCE PAIR:
si nous ne le faisons pas , je créerai mon propre comité de parlementaires qui se intéressent à les affaires internationales .
if we do not do business in my own , who are concerned about the parliamentary committee on international . créerai
TOTAL LM LOGPROB: -37.216553
.....................
TOTAL TM LOGPROB: -6.788822
SENTENCE PAIR:
personne ne peut nous en priver .
we try to no one can .
TOTAL LM LOGPROB: -11.814277
.......
TOTAL TM LOGPROB: -2.254787
SENTENCE PAIR:
son Honneur le Président :
the Speaker : the Honour
TOTAL LM LOGPROB: -14.504314
.....
TOTAL TM LOGPROB: -0.438368
SENTENCE PAIR:
si aucun autre honorable sénateur ne désire prendre la parole , vous plaît - il , honorables sénateurs , de adopter la motion ?
is it the pleasure of the motion , the hon. member , if you want to do it , any other honourable senators senator ?
TOTAL LM LOGPROB: -39.892716
.........................
TOTAL TM LOGPROB: -6.469661
SENTENCE PAIR:
de les voix :
some hon. members :
TOTAL LM LOGPROB: -2.473790
....
TOTAL TM LOGPROB: 0.332712
SENTENCE PAIR:
de accord .
in agreement .
TOTAL LM LOGPROB: -5.823751
...
TOTAL TM LOGPROB: 0.020604
SENTENCE PAIR:
( la motion est adoptée , et le rapport est adopté . )
( motions deemed adopted , the report and agreed to )
TOTAL LM LOGPROB: -13.596412
...........
TOTAL TM LOGPROB: 0.212423

Total corpus log probability (LM+TM): -1335.840237
