what has happened here , last Tuesday , honourable Senate ? 
a selection committee was achievement . 
yesterday I attended a meeting of the first to committee . 
i am surprised that the committee and that it does not know what to do with the Senate rise independent too . 
i am not so that concern for the time . 
the selection committee can show some impact . 
over the next two years in the work that undertaking a senator . 
it is important to a committee , as to what they actually , supposedly new Senate committee sit some senators . 
i am therefore introduced in the last sitting of the committee to realize that was one of the Senate of nine indeed . 
it was sent a replacement . 
i do not name , one honourable senators . 
i am therefore , that it cannot see you nice ? 
the Senate will have to find that had been because their own research . 
when one accepts an , it should do the job . 
the women who are sitting in the Senate have proven . 
they have much more that the majority of their remplissaient men in the Senate . 
i remember as to the committee held that the veterans of the meetings in the February 1998 . 
here is the House of Commons or the Senate Ni at that time . 
the Liberals have three senators sat in the proceedings of all , women of the committee . 
the leadership of the Senate committee to a person could not find it . 
