line: refer 36 / output 35
output:	for IN B-PP
refer:	for IN B-SBAR

line: refer 68 / output 66
output:	torque NN I-NP
refer:	torque NN B-NP

line: refer 71 / output 69
output:	fixed VBN B-VP
refer:	fixed VBN B-NP

line: refer 72 / output 70
output:	leading VBG B-VP
refer:	leading VBG I-NP

line: refer 73 / output 71
output:	edges NNS B-NP
refer:	edges NNS I-NP

line: refer 96 / output 93
output:	delivered VBN B-VP
refer:	delivered VBN I-VP

line: refer 118 / output 114
output:	, , O
refer:	, , I-NP

line: refer 120 / output 116
output:	, , O
refer:	, , I-NP

line: refer 124 / output 120
output:	concern VBP B-VP
refer:	concern VBP I-NP

line: refer 210 / output 201
output:	named VBN I-NP
refer:	named VBN I-VP

line: refer 211 / output 202
output:	president NN I-NP
refer:	president NN B-NP

line: refer 223 / output 214
output:	Ill. NNP B-NP
refer:	Ill. NNP I-NP

line: refer 225 / output 216
output:	subsidiary NN B-NP
refer:	subsidiary NN I-NP

line: refer 250 / output 240
output:	created VBN B-VP
refer:	created VBN I-VP

line: refer 258 / output 247
output:	executive JJ I-NP
refer:	executive JJ B-NP

line: refer 280 / output 268
output:	responsibility NN I-NP
refer:	responsibility NN B-NP

line: refer 283 / output 271
output:	and CC I-NP
refer:	and CC O

line: refer 284 / output 272
output:	property NN I-NP
refer:	property NN B-NP

line: refer 293 / output 280
output:	held VBN B-VP
refer:	held VBN I-VP

line: refer 312 / output 298
output:	about IN B-SBAR
refer:	about IN B-ADJP

line: refer 313 / output 299
output:	60%-held JJ B-NP
refer:	60%-held JJ I-ADJP

line: refer 351 / output 335
output:	earlier RBR I-NP
refer:	earlier RBR B-ADVP

line: refer 355 / output 339
output:	bank VBP B-VP
refer:	bank VBP I-NP

line: refer 433 / output 415
output:	and CC O
refer:	and CC I-NP

line: refer 434 / output 416
output:	real JJ B-NP
refer:	real JJ I-NP

line: refer 454 / output 435
output:	operating VBG I-NP
refer:	operating VBG B-NP

line: refer 502 / output 481
output:	bank VBP B-VP
refer:	bank VBP I-NP

line: refer 511 / output 490
output:	representing VBG I-NP
refer:	representing VBG B-VP

line: refer 513 / output 492
output:	and CC O
refer:	and CC I-NP

line: refer 520 / output 499
output:	other JJ I-NP
refer:	other JJ B-NP

line: refer 552 / output 530
output:	n't RB I-VP
refer:	n't RB O

line: refer 598 / output 574
output:	employees NNS B-NP
refer:	employees NNS I-NP

line: refer 604 / output 580
output:	takeover NN I-NP
refer:	takeover NN B-NP

line: refer 621 / output 597
output:	to TO B-VP
refer:	to TO I-VP

line: refer 623 / output 599
output:	as IN B-PP
refer:	as IN B-SBAR

line: refer 648 / output 623
output:	Including VBG B-VP
refer:	Including VBG O

line: refer 659 / output 634
output:	paper NN I-NP
refer:	paper NN B-NP

line: refer 673 / output 648
output:	had VBN I-VP
refer:	had VBN O

line: refer 676 / output 651
output:	and CC O
refer:	and CC I-NP

line: refer 681 / output 656
output:	gone VBN I-NP
refer:	gone VBN B-VP

line: refer 682 / output 657
output:	through IN B-PP
refer:	through IN B-ADVP

line: refer 692 / output 666
output:	bank NN I-NP
refer:	bank NN B-NP

line: refer 698 / output 672
output:	last JJ I-NP
refer:	last JJ B-NP

line: refer 702 / output 676
output:	did VBD B-VP
refer:	did VBD O

line: refer 710 / output 683
output:	if IN B-PP
refer:	if IN B-SBAR

line: refer 733 / output 706
output:	less JJR I-NP
refer:	less JJR B-NP

line: refer 749 / output 721
output:	75,000 CD I-NP
refer:	75,000 CD B-NP

line: refer 759 / output 731
output:	at IN I-NP
refer:	at IN B-PP

line: refer 826 / output 794
output:	Flying NNP I-NP
refer:	Flying NNP B-NP

line: refer 878 / output 844
output:	enough RB I-NP
refer:	enough RB B-ADVP

line: refer 881 / output 847
output:	least JJS B-NP
refer:	least JJS B-ADJP

line: refer 906 / output 871
output:	away RB B-VP
refer:	away RB B-PP

line: refer 920 / output 885
output:	last JJ I-NP
refer:	last JJ B-NP

line: refer 933 / output 897
output:	10,000 CD I-NP
refer:	10,000 CD B-NP

line: refer 943 / output 907
output:	at IN I-NP
refer:	at IN B-PP

line: refer 966 / output 929
output:	$ $ B-NP
refer:	$ $ I-NP

line: refer 1000 / output 962
output:	just RB B-ADVP
refer:	just RB B-NP

line: refer 1001 / output 963
output:	$ $ B-NP
refer:	$ $ I-NP

line: refer 1006 / output 968
output:	many NN I-NP
refer:	many NN B-NP

line: refer 1013 / output 975
output:	to TO I-VP
refer:	to TO B-VP

line: refer 1017 / output 979
output:	so RB B-ADVP
refer:	so RB B-SBAR

line: refer 1055 / output 1016
output:	as IN B-PP
refer:	as IN B-ADVP

line: refer 1056 / output 1017
output:	well RB B-NP
refer:	well RB I-ADVP

line: refer 1094 / output 1053
output:	named VBN I-NP
refer:	named VBN I-VP

line: refer 1095 / output 1054
output:	president NN I-NP
refer:	president NN B-NP

line: refer 1125 / output 1083
output:	to TO I-VP
refer:	to TO B-VP

line: refer 1143 / output 1100
output:	concern VBP B-VP
refer:	concern VBP I-NP

line: refer 1148 / output 1104
output:	Facilities NNP B-NP
refer:	Facilities NNP I-NP

line: refer 1165 / output 1121
output:	company NN B-NP
refer:	company NN I-NP

line: refer 1205 / output 1158
output:	Facilities NNPS B-VP
refer:	Facilities NNPS I-NP

line: refer 1213 / output 1166
output:	for IN B-PP
refer:	for IN B-SBAR

line: refer 1237 / output 1189
output:	Facilities NNPS B-VP
refer:	Facilities NNPS I-NP

line: refer 1278 / output 1228
output:	Facilities NNPS B-VP
refer:	Facilities NNPS I-NP

line: refer 1284 / output 1234
output:	back RB I-NP
refer:	back RB B-ADVP

line: refer 1307 / output 1255
output:	about IN B-PP
refer:	about IN B-NP

line: refer 1323 / output 1271
output:	as IN I-NP
refer:	as IN B-PP

line: refer 1334 / output 1281
output:	yesterday NN I-NP
refer:	yesterday NN B-NP

line: refer 1337 / output 1284
output:	Facilities NNPS B-VP
refer:	Facilities NNPS I-NP

line: refer 1347 / output 1293
output:	Three CD B-LST
refer:	Three CD B-NP

line: refer 1362 / output 1308
output:	, , O
refer:	, , I-NP

line: refer 1368 / output 1314
output:	hefty JJ I-NP
refer:	hefty JJ B-NP

line: refer 1390 / output 1335
output:	22 CD I-NP
refer:	22 CD B-NP

line: refer 1393 / output 1338
output:	Eli NNP I-NP
refer:	Eli NNP B-NP

line: refer 1413 / output 1357
output:	' POS I-NP
refer:	' POS B-NP

line: refer 1427 / output 1369
output:	, , I-NP
refer:	, , O

line: refer 1446 / output 1388
output:	segment VBP B-VP
refer:	segment VBP I-NP

line: refer 1455 / output 1396
output:	third-quarter JJ B-ADJP
refer:	third-quarter JJ B-NP

line: refer 1456 / output 1397
output:	and CC O
refer:	and CC I-NP

line: refer 1460 / output 1401
output:	2 CD I-NP
refer:	2 CD B-NP

line: refer 1462 / output 1403
output:	and CC O
refer:	and CC I-NP

line: refer 1474 / output 1414
output:	47 CD I-NP
refer:	47 CD B-NP

line: refer 1485 / output 1425
output:	compared VBN B-VP
refer:	compared VBN B-PP

line: refer 1487 / output 1427
output:	50 CD I-NP
refer:	50 CD B-NP

line: refer 1491 / output 1431
output:	earlier RBR I-NP
refer:	earlier RBR B-ADVP

line: refer 1520 / output 1458
output:	higher JJR I-NP
refer:	higher JJR B-NP

line: refer 1522 / output 1460
output:	than IN B-PP
refer:	than IN B-SBAR

line: refer 1529 / output 1467
output:	achieved VBN B-VP
refer:	achieved VBN I-VP

line: refer 1536 / output 1474
output:	following VBG I-NP
refer:	following VBG B-PP

line: refer 1557 / output 1493
output:	Intense JJ I-NP
refer:	Intense JJ B-NP

line: refer 1579 / output 1515
output:	including VBG B-VP
refer:	including VBG B-PP

line: refer 1580 / output 1516
output:	Aldomet NNP I-NP
refer:	Aldomet NNP B-NP

line: refer 1593 / output 1528
output:	yesterday NN I-NP
refer:	yesterday NN B-NP

line: refer 1603 / output 1538
output:	50 CD I-NP
refer:	50 CD B-NP

line: refer 1637 / output 1570
output:	20 CD I-NP
refer:	20 CD B-NP

line: refer 1639 / output 1572
output:	or CC O
refer:	or CC I-NP

line: refer 1640 / output 1573
output:	more RBR B-NP
refer:	more RBR I-NP

line: refer 1672 / output 1604
output:	with IN B-PP
refer:	with IN B-SBAR

line: refer 1709 / output 1639
output:	9 CD I-NP
refer:	9 CD B-NP

line: refer 1719 / output 1649
output:	U.S. NNP I-NP
refer:	U.S. NNP B-NP

line: refer 1764 / output 1692
output:	such JJ B-ADJP
refer:	such JJ B-PP

line: refer 1765 / output 1693
output:	as IN B-PP
refer:	as IN I-PP

line: refer 1770 / output 1698
output:	Rolaids NNP I-NP
refer:	Rolaids NNP B-NP

line: refer 1774 / output 1702
output:	Lubriderm NNP I-NP
refer:	Lubriderm NNP B-NP

line: refer 1790 / output 1718
output:	U.S. NNP I-NP
refer:	U.S. NNP B-NP

line: refer 1793 / output 1721
output:	5 NN I-NP
refer:	5 NN B-NP

line: refer 1803 / output 1730
output:	strong JJ I-NP
refer:	strong JJ B-NP

line: refer 1817 / output 1743
output:	Certs NNP I-NP
refer:	Certs NNP B-NP

line: refer 1822 / output 1748
output:	Clorets NNP I-NP
refer:	Clorets NNP B-NP

line: refer 1856 / output 1781
output:	yesterday NN I-NP
refer:	yesterday NN B-NP

line: refer 1869 / output 1792
output:	record NN I-NP
refer:	record NN B-NP

line: refer 1871 / output 1794
output:	and CC O
refer:	and CC I-NP

line: refer 1880 / output 1803
output:	medical JJ I-NP
refer:	medical JJ B-NP

line: refer 1882 / output 1805
output:	and CC I-NP
refer:	and CC O

line: refer 1883 / output 1806
output:	plant-science NN I-NP
refer:	plant-science NN B-NP

line: refer 1905 / output 1827
output:	of IN B-PP
refer:	of IN I-PP

line: refer 1960 / output 1881
output:	Ind. NNP B-NP
refer:	Ind. NNP I-NP

line: refer 1962 / output 1883
output:	company NN B-NP
refer:	company NN I-NP

line: refer 1992 / output 1912
output:	earlier RBR I-NP
refer:	earlier RBR B-ADVP

line: refer 2004 / output 1923
output:	drug-sales NNS I-NP
refer:	drug-sales NNS B-NP

line: refer 2009 / output 1927
output:	Higher JJR I-NP
refer:	Higher JJR B-NP

line: refer 2014 / output 1932
output:	other JJ I-NP
refer:	other JJ B-NP

line: refer 2017 / output 1935
output:	more JJR B-NP
refer:	more JJR B-VP

line: refer 2018 / output 1936
output:	than IN B-VP
refer:	than IN I-VP

line: refer 2048 / output 1965
output:	and CC I-NP
refer:	and CC O

line: refer 2049 / output 1966
output:	Cardiac NNP I-NP
refer:	Cardiac NNP B-NP

line: refer 2054 / output 1971
output:	growth NN I-NP
refer:	growth NN B-NP

line: refer 2066 / output 1982
output:	yesterday NN I-NP
refer:	yesterday NN B-NP

line: refer 2079 / output 1995
output:	12.5 CD I-NP
refer:	12.5 CD B-NP

line: refer 2095 / output 2010
output:	`` `` O
refer:	`` `` B-ADJP

line: refer 2096 / output 2011
output:	comfortable JJ I-NP
refer:	comfortable JJ I-ADJP

line: refer 2110 / output 2025
output:	and CC O
refer:	and CC I-NP

line: refer 2124 / output 2038
output:	continuing VBG B-VP
refer:	continuing VBG B-NP

line: refer 2125 / output 2039
output:	operations NNS B-NP
refer:	operations NNS I-NP

line: refer 2131 / output 2045
output:	earlier RBR I-NP
refer:	earlier RBR B-ADVP

line: refer 2133 / output 2047
output:	including VBG B-VP
refer:	including VBG B-PP

line: refer 2134 / output 2048
output:	discontinued VBN I-NP
refer:	discontinued VBN B-NP

line: refer 2143 / output 2057
output:	ago RB I-NP
refer:	ago RB B-ADVP

line: refer 2161 / output 2074
output:	$ $ B-NP
refer:	$ $ I-NP

line: refer 2164 / output 2077
output:	and CC O
refer:	and CC I-NP

line: refer 2211 / output 2122
output:	and CC I-NP
refer:	and CC O

line: refer 2212 / output 2123
output:	Europe NNP I-NP
refer:	Europe NNP B-NP

line: refer 2221 / output 2131
output:	`` `` O
refer:	`` `` B-NP

line: refer 2222 / output 2132
output:	a DT B-NP
refer:	a DT I-NP

line: refer 2228 / output 2138
output:	operating VBG B-VP
refer:	operating VBG B-NP

line: refer 2250 / output 2159
output:	and CC O
refer:	and CC I-NP

line: refer 2254 / output 2163
output:	25 CD I-NP
refer:	25 CD B-NP

line: refer 2279 / output 2187
output:	manufacturing NN I-NP
refer:	manufacturing NN B-NP

line: refer 2280 / output 2188
output:	operations NNS I-NP
refer:	operations NNS B-NP

line: refer 2289 / output 2197
output:	carefully RB B-ADVP
refer:	carefully RB I-ADVP

line: refer 2329 / output 2235
output:	Ajax NNP I-NP
refer:	Ajax NNP B-NP

line: refer 2360 / output 2265
output:	operating VBG B-VP
refer:	operating VBG B-NP

line: refer 2361 / output 2266
output:	margins NNS B-NP
refer:	margins NNS I-NP

line: refer 2366 / output 2271
output:	to TO B-PP
refer:	to TO I-NP

line: refer 2367 / output 2272
output:	3 CD B-NP
refer:	3 CD I-NP

line: refer 2383 / output 2287
output:	mediocre JJ I-NP
refer:	mediocre JJ B-ADJP

line: refer 2386 / output 2290
output:	great JJ B-NP
refer:	great JJ B-ADJP

line: refer 2387 / output 2291
output:	everywhere RB I-NP
refer:	everywhere RB B-ADVP

line: refer 2388 / output 2292
output:	else RB B-ADVP
refer:	else RB I-ADVP

line: refer 2393 / output 2297
output:	fine JJ I-VP
refer:	fine JJ B-ADJP

line: refer 2414 / output 2317
output:	not RB I-NP
refer:	not RB O

line: refer 2415 / output 2318
output:	mediocre JJ I-ADJP
refer:	mediocre JJ B-ADJP

line: refer 2429 / output 2331
output:	that IN B-SBAR
refer:	that IN O

line: refer 2437 / output 2339
output:	its PRP$ B-NP
refer:	its PRP$ O

line: refer 2438 / output 2340
output:	highly RB I-NP
refer:	highly RB O

line: refer 2439 / output 2341
output:	profitable JJ I-ADJP
refer:	profitable JJ O

line: refer 2440 / output 2342
output:	Hill NNP I-NP
refer:	Hill NNP B-NP

line: refer 2459 / output 2360
output:	-LCB- ( O
refer:	-LCB- ( B-NP

line: refer 2460 / output 2361
output:	U.S. NNP B-NP
refer:	U.S. NNP I-NP

line: refer 2461 / output 2362
output:	. . O
refer:	. . I-NP

line: refer 2481 / output 2381
output:	Improving VBG I-NP
refer:	Improving VBG B-VP

line: refer 2482 / output 2382
output:	profitability NN I-NP
refer:	profitability NN B-NP

line: refer 2529 / output 2427
output:	primarily RB B-VP
refer:	primarily RB B-ADVP

line: refer 2551 / output 2448
output:	Muzak NNP I-NP
refer:	Muzak NNP B-NP

line: refer 2554 / output 2451
output:	entertainment NN I-NP
refer:	entertainment NN B-NP

line: refer 2557 / output 2454
output:	small JJ I-NP
refer:	small JJ B-NP

line: refer 2566 / output 2462
output:	executive NN I-NP
refer:	executive NN B-NP

line: refer 2568 / output 2464
output:	special JJ I-NP
refer:	special JJ B-NP

line: refer 2594 / output 2489
output:	pages NNS B-NP
refer:	pages NNS I-NP

line: refer 2599 / output 2494
output:	'' '' O
refer:	'' '' I-NP

line: refer 2600 / output 2495
output:	look VB B-VP
refer:	look VB I-NP

line: refer 2610 / output 2505
output:	more RBR B-NP
refer:	more RBR B-ADJP

line: refer 2611 / output 2506
output:	consistent JJ I-NP
refer:	consistent JJ I-ADJP

line: refer 2615 / output 2510
output:	easier JJR I-PP
refer:	easier JJR B-ADJP

line: refer 2623 / output 2517
output:	so RB I-NP
refer:	so RB I-ADVP

line: refer 2640 / output 2533
output:	who WP B-VP
refer:	who WP B-NP

line: refer 2641 / output 2534
output:	spare VB I-VP
refer:	spare VB B-VP

line: refer 2646 / output 2539
output:	on IN B-PP
refer:	on IN B-PRT

line: refer 2649 / output 2542
output:	such JJ B-ADJP
refer:	such JJ B-PP

line: refer 2650 / output 2543
output:	as IN B-PP
refer:	as IN I-PP

line: refer 2652 / output 2545
output:	`` `` O
refer:	`` `` I-NP

line: refer 2653 / output 2546
output:	Pee NNP B-NP
refer:	Pee NNP I-NP

line: refer 2655 / output 2548
output:	'' '' O
refer:	'' '' I-NP

line: refer 2656 / output 2549
output:	Dukakis NNP B-NP
refer:	Dukakis NNP I-NP

line: refer 2662 / output 2555
output:	Coach NNP B-NP
refer:	Coach NNP I-NP

line: refer 2664 / output 2557
output:	`` `` O
refer:	`` `` I-NP

line: refer 2665 / output 2558
output:	Rev. NNP B-NP
refer:	Rev. NNP I-NP

line: refer 2667 / output 2560
output:	'' '' O
refer:	'' '' I-NP

line: refer 2672 / output 2565
output:	ridicule NN I-NP
refer:	ridicule NN B-NP

line: refer 2681 / output 2574
output:	old JJ I-NP
refer:	old JJ B-NP

line: refer 2700 / output 2592
output:	Thomas NNP I-NP
refer:	Thomas NNP B-NP

line: refer 2723 / output 2614
output:	least JJS B-NP
refer:	least JJS B-ADJP

line: refer 2749 / output 2639
output:	right NN B-NP
refer:	right NN B-ADJP

line: refer 2755 / output 2644
output:	Mike NNP B-NP
refer:	Mike NNP I-NP

line: refer 2767 / output 2656
output:	many JJ B-NP
refer:	many JJ I-NP

line: refer 2798 / output 2687
output:	away RB B-NP
refer:	away RB B-ADVP

line: refer 2814 / output 2702
output:	still RB B-VP
refer:	still RB B-ADVP

line: refer 2818 / output 2706
output:	Globe NNP I-NP
refer:	Globe NNP B-NP

line: refer 2833 / output 2721
output:	while IN B-PP
refer:	while IN B-SBAR

line: refer 2854 / output 2741
output:	whipping VBG B-VP
refer:	whipping VBG I-VP

line: refer 2855 / output 2742
output:	open JJ I-NP
refer:	open JJ I-VP

line: refer 2856 / output 2743
output:	his PRP$ I-NP
refer:	his PRP$ B-NP

line: refer 2863 / output 2750
output:	who WP I-NP
refer:	who WP B-NP

line: refer 2887 / output 2773
output:	hardly RB I-VP
refer:	hardly RB B-ADJP

line: refer 2888 / output 2774
output:	kinder JJR I-VP
refer:	kinder JJR I-ADJP

line: refer 2906 / output 2792
output:	Will MD B-VP
refer:	Will MD B-NP

line: refer 2907 / output 2793
output:	McDonough NNP B-NP
refer:	McDonough NNP I-NP

line: refer 2912 / output 2798
output:	if IN B-SBAR
refer:	if IN I-SBAR

line: refer 2921 / output 2807
output:	Bella NNP I-NP
refer:	Bella NNP B-NP

line: refer 2925 / output 2811
output:	`` `` O
refer:	`` `` I-NP

line: refer 2975 / output 2859
output:	Howie NNP B-NP
refer:	Howie NNP I-NP

line: refer 2983 / output 2867
output:	`` `` O
refer:	`` `` I-NP

line: refer 2985 / output 2869
output:	'' '' O
refer:	'' '' I-NP

line: refer 2996 / output 2880
output:	to TO I-VP
refer:	to TO B-VP

line: refer 3002 / output 2886
output:	rapidly RB I-VP
refer:	rapidly RB B-ADJP

line: refer 3003 / output 2887
output:	growing VBG B-VP
refer:	growing VBG I-ADJP

line: refer 3004 / output 2888
output:	forehead NN I-NP
refer:	forehead NN B-NP

line: refer 3011 / output 2895
output:	`` `` O
refer:	`` `` B-NP

line: refer 3013 / output 2897
output:	'' '' O
refer:	'' '' I-NP

line: refer 3014 / output 2898
output:	Dan NNP B-NP
refer:	Dan NNP I-NP

line: refer 3048 / output 2930
output:	Instead RB B-ADVP
refer:	Instead RB B-PP

line: refer 3049 / output 2931
output:	of IN B-PP
refer:	of IN I-PP

line: refer 3056 / output 2938
output:	just RB I-VP
refer:	just RB B-ADVP

line: refer 3058 / output 2940
output:	out RP B-NP
refer:	out RP B-PRT

line: refer 3060 / output 2942
output:	columnists NNS B-NP
refer:	columnists NNS I-NP

line: refer 3067 / output 2948
output:	Deeply RB B-ADVP
refer:	Deeply RB B-ADJP

line: refer 3068 / output 2949
output:	ingrained JJ B-ADJP
refer:	ingrained JJ I-ADJP

line: refer 3070 / output 2951
output:	both DT B-NP
refer:	both DT O

line: refer 3077 / output 2958
output:	Good-bye UH I-NP
refer:	Good-bye UH B-NP

line: refer 3083 / output 2964
output:	Leisure NNP I-NP
refer:	Leisure NNP B-NP

line: refer 3097 / output 2978
output:	that IN B-PP
refer:	that IN B-SBAR

line: refer 3110 / output 2990
output:	Is VBZ B-VP
refer:	Is VBZ O

line: refer 3112 / output 2992
output:	a DT B-NP
refer:	a DT I-NP

line: refer 3124 / output 3003
output:	would MD B-VP
refer:	would MD O

line: refer 3127 / output 3006
output:	enjoy VB I-VP
refer:	enjoy VB B-VP

line: refer 3139 / output 3017
output:	not RB B-ADVP
refer:	not RB I-ADVP

line: refer 3143 / output 3020
output:	About IN B-PP
refer:	About IN B-NP

line: refer 3144 / output 3021
output:	20,000 CD B-NP
refer:	20,000 CD I-NP

line: refer 3168 / output 3044
output:	and CC I-NP
refer:	and CC O

line: refer 3169 / output 3045
output:	Asia NNP I-NP
refer:	Asia NNP B-NP

line: refer 3181 / output 3056
output:	-- : I-NP
refer:	-- : O

line: refer 3182 / output 3057
output:	nobody NN I-NP
refer:	nobody NN B-NP

line: refer 3192 / output 3067
output:	hunting NN I-NP
refer:	hunting NN B-VP

line: refer 3193 / output 3068
output:	mammoths NNS I-NP
refer:	mammoths NNS B-NP

line: refer 3196 / output 3071
output:	around IN B-PP
refer:	around IN O

line: refer 3226 / output 3099
output:	probably RB I-NP
refer:	probably RB I-VP

line: refer 3227 / output 3100
output:	continuing VBG B-VP
refer:	continuing VBG I-VP

line: refer 3240 / output 3113
output:	present-day JJ I-NP
refer:	present-day JJ B-NP

line: refer 3265 / output 3137
output:	global JJ I-NP
refer:	global JJ B-NP

line: refer 3275 / output 3147
output:	not RB I-VP
refer:	not RB B-VP

line: refer 3300 / output 3171
output:	Astronomy NNP I-NP
refer:	Astronomy NNP B-NP

line: refer 3302 / output 3173
output:	University NNP I-NP
refer:	University NNP B-NP

line: refer 3303 / output 3174
output:	of IN O
refer:	of IN B-PP

line: refer 3314 / output 3184
output:	more JJR B-VP
refer:	more JJR B-ADVP

line: refer 3358 / output 3227
output:	daily JJ I-NP
refer:	daily JJ B-NP

line: refer 3373 / output 3242
output:	probably RB B-ADVP
refer:	probably RB B-NP

line: refer 3374 / output 3243
output:	the DT B-NP
refer:	the DT I-NP

line: refer 3378 / output 3247
output:	base VBP B-VP
refer:	base VBP I-NP

line: refer 3424 / output 3291
output:	accountability NN I-NP
refer:	accountability NN B-NP

line: refer 3453 / output 3319
output:	My PRP$ I-NP
refer:	My PRP$ B-NP

line: refer 3455 / output 3321
output:	and CC I-NP
refer:	and CC O

line: refer 3456 / output 3322
output:	everyone NN I-NP
refer:	everyone NN B-NP

line: refer 3473 / output 3339
output:	and CC O
refer:	and CC I-VP

line: refer 3476 / output 3342
output:	and CC O
refer:	and CC I-VP

line: refer 3477 / output 3343
output:	execute VB B-VP
refer:	execute VB I-VP

line: refer 3494 / output 3359
output:	internal JJ I-NP
refer:	internal JJ B-NP

line: refer 3498 / output 3363
output:	that IN B-SBAR
refer:	that IN B-NP

line: refer 3501 / output 3366
output:	to TO B-VP
refer:	to TO I-VP

line: refer 3503 / output 3368
output:	to TO I-VP
refer:	to TO B-VP

line: refer 3505 / output 3370
output:	$ $ I-NP
refer:	$ $ B-NP

line: refer 3508 / output 3373
output:	properly RB I-NP
refer:	properly RB B-ADVP

line: refer 3518 / output 3382
output:	over IN B-PP
refer:	over IN B-PRT

line: refer 3529 / output 3393
output:	disturbed VBN B-VP
refer:	disturbed VBN I-VP

line: refer 3536 / output 3400
output:	, , O
refer:	, , I-NP

line: refer 3537 / output 3401
output:	waste NN B-NP
refer:	waste NN I-NP

line: refer 3568 / output 3431
output:	trying VBG B-VP
refer:	trying VBG I-VP

line: refer 3613 / output 3474
output:	how WRB B-NP
refer:	how WRB B-ADVP

line: refer 3696 / output 3554
output:	within IN B-PP
refer:	within IN B-NP

line: refer 3706 / output 3564
output:	to TO B-PP
refer:	to TO I-VP

line: refer 3707 / output 3565
output:	`` `` O
refer:	`` `` I-VP

line: refer 3708 / output 3566
output:	scour VBP B-VP
refer:	scour VBP I-VP

line: refer 3723 / output 3580
output:	Although IN B-PP
refer:	Although IN B-SBAR

line: refer 3729 / output 3586
output:	between IN B-PP
refer:	between IN B-NP

line: refer 3730 / output 3587
output:	$ $ B-NP
refer:	$ $ I-NP

line: refer 3732 / output 3589
output:	and CC O
refer:	and CC I-NP

line: refer 3758 / output 3614
output:	telling VBG B-VP
refer:	telling VBG I-VP

line: refer 3759 / output 3615
output:	someone NN I-NP
refer:	someone NN B-NP

line: refer 3767 / output 3623
output:	four CD B-NP
refer:	four CD I-NP

line: refer 3769 / output 3625
output:	five CD B-NP
refer:	five CD I-NP

line: refer 3777 / output 3633
output:	about IN B-PP
refer:	about IN B-PRT

line: refer 3781 / output 3637
output:	and CC O
refer:	and CC I-NP

line: refer 3792 / output 3648
output:	ever RB B-ADVP
refer:	ever RB B-NP

line: refer 3809 / output 3664
output:	developing VBG B-VP
refer:	developing VBG I-VP

line: refer 3811 / output 3666
output:	making VBG I-NP
refer:	making VBG B-VP

line: refer 3812 / output 3667
output:	work NN I-NP
refer:	work NN B-VP

line: refer 3813 / output 3668
output:	financial JJ I-NP
refer:	financial JJ B-NP

line: refer 3844 / output 3698
output:	several JJ I-NP
refer:	several JJ B-NP

line: refer 3852 / output 3706
output:	broken VBN I-NP
refer:	broken VBN B-NP

line: refer 3853 / output 3707
output:	legs NNS B-NP
refer:	legs NNS I-NP

line: refer 3867 / output 3720
output:	Panamanian JJ I-NP
refer:	Panamanian JJ B-NP

line: refer 3869 / output 3722
output:	Manuel NNP B-NP
refer:	Manuel NNP I-NP

line: refer 3880 / output 3732
output:	and CC O
refer:	and CC I-NP

line: refer 3914 / output 3765
output:	rages VBZ B-VP
refer:	rages VBZ B-NP

line: refer 3940 / output 3791
output:	according VBG B-VP
refer:	according VBG B-PP

line: refer 3944 / output 3795
output:	monitoring NN I-NP
refer:	monitoring NN B-VP

line: refer 3945 / output 3796
output:	crematoriums NNS I-NP
refer:	crematoriums NNS B-NP

line: refer 3946 / output 3797
output:	and CC I-NP
refer:	and CC O

line: refer 3947 / output 3798
output:	funeral NN I-NP
refer:	funeral NN B-NP

line: refer 3958 / output 3808
output:	changing VBG B-VP
refer:	changing VBG I-VP

line: refer 3966 / output 3816
output:	sometimes RB B-ADVP
refer:	sometimes RB B-NP

line: refer 3967 / output 3817
output:	more JJR B-NP
refer:	more JJR I-NP

line: refer 3980 / output 3829
output:	prepared VBN B-VP
refer:	prepared VBN I-VP

line: refer 4004 / output 3852
output:	collecting VBG B-VP
refer:	collecting VBG I-VP

line: refer 4009 / output 3857
output:	who WP I-NP
refer:	who WP B-NP

line: refer 4016 / output 3864
output:	during IN B-VP
refer:	during IN B-PP

line: refer 4028 / output 3875
output:	More JJR I-NP
refer:	More JJR B-NP

line: refer 4033 / output 3880
output:	with RB B-ADVP
refer:	with RB B-PP

line: refer 4048 / output 3894
output:	hesitantly RB I-NP
refer:	hesitantly RB B-VP

line: refer 4049 / output 3895
output:	backed VBD B-VP
refer:	backed VBD I-VP

line: refer 4059 / output 3905
output:	- : I-NP
refer:	- : O

line: refer 4061 / output 3907
output:	efficient JJ I-NP
refer:	efficient JJ O

line: refer 4062 / output 3908
output:	- : I-NP
refer:	- : O

line: refer 4071 / output 3916
output:	while IN B-PP
refer:	while IN B-SBAR

line: refer 4085 / output 3930
output:	merely RB B-ADVP
refer:	merely RB B-NP

line: refer 4086 / output 3931
output:	the DT B-NP
refer:	the DT I-NP

line: refer 4096 / output 3941
output:	and CC I-NP
refer:	and CC O

line: refer 4097 / output 3942
output:	Washington NNP I-NP
refer:	Washington NNP B-NP

line: refer 4098 / output 3943
output:	that IN B-SBAR
refer:	that IN B-NP

line: refer 4099 / output 3944
output:	stretches NNS B-NP
refer:	stretches NNS B-VP

line: refer 4101 / output 3946
output:	three CD I-NP
refer:	three CD B-NP

line: refer 4118 / output 3962
output:	following VBG B-VP
refer:	following VBG B-PP

line: refer 4137 / output 3980
output:	Before IN B-PP
refer:	Before IN B-SBAR

line: refer 4142 / output 3985
output:	out IN B-PP
refer:	out IN B-PRT

line: refer 4149 / output 3992
output:	create VB B-VP
refer:	create VB I-VP

line: refer 4151 / output 3994
output:	out IN B-VP
refer:	out IN B-PP

line: refer 4169 / output 4011
output:	of IN B-PP
refer:	of IN I-NP

line: refer 4170 / output 4012
output:	the DT B-NP
refer:	the DT I-NP

line: refer 4194 / output 4035
output:	both DT B-NP
refer:	both DT O

line: refer 4221 / output 4062
output:	allegedly RB B-NP
refer:	allegedly RB B-ADVP

line: refer 4224 / output 4065
output:	savagely RB I-NP
refer:	savagely RB B-VP

line: refer 4225 / output 4066
output:	beating VBG B-VP
refer:	beating VBG I-VP

line: refer 4229 / output 4070
output:	according VBG B-VP
refer:	according VBG B-PP

line: refer 4250 / output 4089
output:	U.S. NNP I-NP
refer:	U.S. NNP B-NP

line: refer 4253 / output 4092
output:	rather RB B-ADVP
refer:	rather RB B-SBAR

line: refer 4254 / output 4093
output:	than IN B-PP
refer:	than IN I-SBAR

line: refer 4255 / output 4094
output:	rein NN B-NP
refer:	rein NN B-VP

line: refer 4256 / output 4095
output:	in IN B-PP
refer:	in IN B-ADVP

line: refer 4257 / output 4096
output:	or CC I-NP
refer:	or CC O

line: refer 4258 / output 4097
output:	cut NN I-NP
refer:	cut NN B-VP

line: refer 4259 / output 4098
output:	loose JJ I-NP
refer:	loose JJ B-ADJP

line: refer 4265 / output 4104
output:	filed VBN I-VP
refer:	filed VBN B-VP

line: refer 4277 / output 4115
output:	emerging VBG B-VP
refer:	emerging VBG B-NP

line: refer 4278 / output 4116
output:	leftists NNS B-NP
refer:	leftists NNS I-NP

line: refer 4284 / output 4122
output:	more RBR B-NP
refer:	more RBR B-ADJP

line: refer 4285 / output 4123
output:	important JJ B-ADJP
refer:	important JJ I-ADJP

line: refer 4286 / output 4124
output:	to TO I-NP
refer:	to TO B-PP

line: refer 4295 / output 4132
output:	on IN B-PP
refer:	on IN I-NP

line: refer 4317 / output 4153
output:	later RB I-NP
refer:	later RB B-VP

line: refer 4318 / output 4154
output:	turned VBD B-VP
refer:	turned VBD I-VP

line: refer 4324 / output 4160
output:	none NN I-NP
refer:	none NN B-NP

line: refer 4325 / output 4161
output:	quite RB B-ADVP
refer:	quite RB B-ADJP

line: refer 4326 / output 4162
output:	so RB B-ADJP
refer:	so RB I-ADJP

line: refer 4327 / output 4163
output:	resourceful JJ B-ADJP
refer:	resourceful JJ I-ADJP

line: refer 4336 / output 4171
output:	n't RB I-VP
refer:	n't RB O

line: refer 4338 / output 4173
output:	smooth JJ B-ADJP
refer:	smooth JJ I-ADJP

line: refer 4361 / output 4196
output:	or CC I-NP
refer:	or CC O

line: refer 4362 / output 4197
output:	as RB I-NP
refer:	as RB B-ADJP

line: refer 4373 / output 4207
output:	Yet RB B-ADVP
refer:	Yet RB O

line: refer 4377 / output 4211
output:	more RBR B-NP
refer:	more RBR B-ADJP

line: refer 4378 / output 4212
output:	resilient JJ B-ADJP
refer:	resilient JJ I-ADJP

line: refer 4387 / output 4220
output:	out IN B-PP
refer:	out IN B-ADVP

line: refer 4397 / output 4230
output:	still JJ B-NP
refer:	still JJ B-ADVP

line: refer 4398 / output 4231
output:	hope NN I-NP
refer:	hope NN B-VP

line: refer 4399 / output 4232
output:	to TO B-VP
refer:	to TO I-VP

line: refer 4425 / output 4257
output:	all DT B-NP
refer:	all DT B-ADVP

line: refer 4426 / output 4258
output:	along IN I-NP
refer:	along IN I-ADVP

line: refer 4436 / output 4268
output:	to TO I-NP
refer:	to TO B-PP

line: refer 4462 / output 4292
output:	up IN B-PP
refer:	up IN B-PRT

line: refer 4471 / output 4301
output:	rather RB B-ADVP
refer:	rather RB B-CONJP

line: refer 4472 / output 4302
output:	than IN B-PP
refer:	than IN I-CONJP

line: refer 4473 / output 4303
output:	shortened VBN B-NP
refer:	shortened VBN B-VP

line: refer 4508 / output 4337
output:	given VBN B-VP
refer:	given VBN I-VP

line: refer 4510 / output 4339
output:	additional JJ I-NP
refer:	additional JJ B-NP

line: refer 4526 / output 4354
output:	If IN B-PP
refer:	If IN B-SBAR

line: refer 4533 / output 4361
output:	done VBN I-NP
refer:	done VBN B-VP

line: refer 4534 / output 4362
output:	nothing NN I-NP
refer:	nothing NN B-NP

line: refer 4542 / output 4370
output:	through IN B-VP
refer:	through IN B-PP

line: refer 4552 / output 4379
output:	Perhaps RB B-ADVP
refer:	Perhaps RB B-ADJP

line: refer 4553 / output 4380
output:	most RBS I-NP
refer:	most RBS I-ADJP

line: refer 4554 / output 4381
output:	important JJ I-NP
refer:	important JJ I-ADJP

line: refer 4584 / output 4410
output:	One CD B-LST
refer:	One CD B-NP

line: refer 4589 / output 4415
output:	upon IN B-PP
refer:	upon IN B-SBAR

line: refer 4590 / output 4416
output:	hearing NN B-NP
refer:	hearing NN B-VP

line: refer 4597 / output 4423
output:	negotiating VBG B-VP
refer:	negotiating VBG I-VP

line: refer 4626 / output 4451
output:	cornered VBN I-VP
refer:	cornered VBN B-ADJP

line: refer 4700 / output 4521
output:	patience NN I-NP
refer:	patience NN B-NP

line: refer 4716 / output 4537
output:	little JJ I-NP
refer:	little JJ B-NP

line: refer 4719 / output 4540
output:	lasting VBG B-VP
refer:	lasting VBG B-NP

line: refer 4720 / output 4541
output:	confrontation NN B-NP
refer:	confrontation NN I-NP

line: refer 4750 / output 4570
output:	according VBG B-VP
refer:	according VBG B-PP

line: refer 4813 / output 4631
output:	and CC O
refer:	and CC B-PP

line: refer 4815 / output 4633
output:	more RBR B-NP
refer:	more RBR B-ADVP

line: refer 4816 / output 4634
output:	important JJ I-NP
refer:	important JJ I-ADVP

line: refer 4843 / output 4659
output:	built VBN B-VP
refer:	built VBN I-NP

line: refer 4844 / output 4660
output:	Mr. NNP B-NP
refer:	Mr. NNP I-NP

line: refer 4856 / output 4672
output:	Pina NNP B-NP
refer:	Pina NNP I-NP

line: refer 4858 / output 4674
output:	pineapple NN I-NP
refer:	pineapple NN B-NP

line: refer 4863 / output 4678
output:	Born VBN I-VP
refer:	Born VBN B-VP

line: refer 4895 / output 4709
output:	older JJR I-PP
refer:	older JJR B-ADJP

line: refer 4896 / output 4710
output:	than IN I-NP
refer:	than IN B-PP

line: refer 4909 / output 4723
output:	because IN B-PP
refer:	because IN B-SBAR

line: refer 4923 / output 4736
output:	intellectually RB B-VP
refer:	intellectually RB B-ADJP

line: refer 4924 / output 4737
output:	superior JJ B-ADJP
refer:	superior JJ I-ADJP

line: refer 4925 / output 4738
output:	to TO I-NP
refer:	to TO B-PP

line: refer 4934 / output 4747
output:	wayward JJ I-NP
refer:	wayward JJ B-NP

line: refer 4945 / output 4758
output:	, , O
refer:	, , I-NP

line: refer 4959 / output 4771
output:	peaked VBD B-VP
refer:	peaked VBD I-NP

line: refer 4962 / output 4774
output:	and CC O
refer:	and CC I-NP

line: refer 4964 / output 4776
output:	pressed VBN B-VP
refer:	pressed VBN I-NP

line: refer 4965 / output 4777
output:	, , O
refer:	, , I-NP

line: refer 4971 / output 4783
output:	more RBR I-NP
refer:	more RBR B-ADJP

line: refer 4972 / output 4784
output:	respected VBN B-VP
refer:	respected VBN I-ADJP

line: refer 4973 / output 4785
output:	and CC O
refer:	and CC I-ADJP

line: refer 4974 / output 4786
output:	powerful JJ B-NP
refer:	powerful JJ I-ADJP

line: refer 4975 / output 4787
output:	than IN I-NP
refer:	than IN B-PP

line: refer 5002 / output 4813
output:	where WRB I-NP
refer:	where WRB B-ADVP

line: refer 5050 / output 4860
output:	1967 CD B-NP
refer:	1967 CD I-NP

line: refer 5052 / output 4862
output:	intelligence NN I-NP
refer:	intelligence NN B-NP

line: refer 5104 / output 4912
output:	political JJ I-NP
refer:	political JJ B-NP

line: refer 5135 / output 4943
output:	and CC I-NP
refer:	and CC O

line: refer 5136 / output 4944
output:	Puerto NNP I-NP
refer:	Puerto NNP B-NP

line: refer 5180 / output 4985
output:	to TO B-PP
refer:	to TO I-NP

line: refer 5181 / output 4986
output:	$ $ B-NP
refer:	$ $ I-NP

line: refer 5202 / output 5007
output:	says NNS I-NP
refer:	says NNS B-VP

line: refer 5208 / output 5012
output:	modest JJ I-NP
refer:	modest JJ B-NP

line: refer 5225 / output 5029
output:	fellow NN I-NP
refer:	fellow NN B-NP

line: refer 5233 / output 5037
output:	to TO B-PP
refer:	to TO I-NP

line: refer 5234 / output 5038
output:	$ $ B-NP
refer:	$ $ I-NP

line: refer 5236 / output 5040
output:	monthly JJ I-NP
refer:	monthly JJ B-ADVP

line: refer 5244 / output 5047
output:	very RB B-VP
refer:	very RB B-ADVP

line: refer 5245 / output 5048
output:	well RB B-ADVP
refer:	well RB I-ADVP

line: refer 5261 / output 5064
output:	his PRP$ I-NP
refer:	his PRP$ B-NP

line: refer 5269 / output 5071
output:	building VBG B-VP
refer:	building VBG I-VP

line: refer 5319 / output 5119
output:	taxi NN I-NP
refer:	taxi NN B-NP

line: refer 5344 / output 5143
output:	caught VBN B-VP
refer:	caught VBN I-VP

line: refer 5346 / output 5145
output:	drunk JJ I-NP
refer:	drunk JJ B-ADVP

line: refer 5351 / output 5150
output:	found VBN B-VP
refer:	found VBN I-VP

line: refer 5361 / output 5159
output:	valuable JJ B-ADJP
refer:	valuable JJ I-ADJP

line: refer 5370 / output 5168
output:	union NN I-NP
refer:	union NN B-NP

line: refer 5373 / output 5171
output:	planning VBG B-VP
refer:	planning VBG I-VP

line: refer 5378 / output 5176
output:	that IN B-SBAR
refer:	that IN B-NP

line: refer 5398 / output 5195
output:	sleeping VBG B-VP
refer:	sleeping VBG I-VP

line: refer 5408 / output 5204
output:	So RB B-ADVP
refer:	So RB O

line: refer 5415 / output 5211
output:	that IN B-SBAR
refer:	that IN B-NP

line: refer 5438 / output 5233
output:	so RB B-ADVP
refer:	so RB B-VP

line: refer 5439 / output 5234
output:	divided VBD B-VP
refer:	divided VBD I-VP

line: refer 5440 / output 5235
output:	union NN I-NP
refer:	union NN B-NP

line: refer 5447 / output 5242
output:	far RB B-VP
refer:	far RB B-ADJP

line: refer 5448 / output 5243
output:	easier JJR I-PP
refer:	easier JJR I-ADJP

line: refer 5491 / output 5282
output:	and CC O
refer:	and CC I-VP

line: refer 5492 / output 5283
output:	blackmailing VBG I-NP
refer:	blackmailing VBG I-VP

line: refer 5493 / output 5284
output:	people NNS I-NP
refer:	people NNS B-NP

line: refer 5516 / output 5306
output:	as IN I-NP
refer:	as IN B-SBAR

line: refer 5529 / output 5318
output:	and CC O
refer:	and CC I-NP

line: refer 5537 / output 5326
output:	visiting VBG I-NP
refer:	visiting VBG B-VP

line: refer 5564 / output 5352
output:	all DT B-NP
refer:	all DT B-ADVP

line: refer 5567 / output 5355
output:	off IN B-PP
refer:	off IN O

line: refer 5575 / output 5363
output:	naked JJ I-NP
refer:	naked JJ B-ADVP

line: refer 5581 / output 5369
output:	then RB I-NP
refer:	then RB B-ADVP

line: refer 5592 / output 5379
output:	wondering VBG B-VP
refer:	wondering VBG I-VP

line: refer 5593 / output 5380
output:	if IN B-PP
refer:	if IN B-SBAR

line: refer 5597 / output 5384
output:	with IN I-NP
refer:	with IN B-PP

line: refer 5613 / output 5399
output:	far RB B-ADVP
refer:	far RB I-ADVP

line: refer 5614 / output 5400
output:	as IN B-PP
refer:	as IN B-SBAR

line: refer 5632 / output 5417
output:	up IN B-ADVP
refer:	up IN B-PRT

line: refer 5635 / output 5420
output:	and CC O
refer:	and CC I-NP

line: refer 5650 / output 5435
output:	according VBG B-VP
refer:	according VBG B-PP

line: refer 5663 / output 5448
output:	since IN B-PP
refer:	since IN I-VP

line: refer 5664 / output 5449
output:	classified VBN B-NP
refer:	classified VBN I-VP

line: refer 5666 / output 5451
output:	secret NN B-NP
refer:	secret NN B-ADJP

line: refer 5705 / output 5489
output:	military JJ I-NP
refer:	military JJ B-NP

line: refer 5730 / output 5513
output:	so RB I-VP
refer:	so RB B-ADVP

line: refer 5750 / output 5532
output:	populist JJ I-NP
refer:	populist JJ B-NP

line: refer 5765 / output 5547
output:	earlier RBR I-NP
refer:	earlier RBR B-ADVP

line: refer 5805 / output 5585
output:	not RB B-ADVP
refer:	not RB B-CONJP

line: refer 5806 / output 5586
output:	to TO B-VP
refer:	to TO O

line: refer 5807 / output 5587
output:	mention VB I-VP
refer:	mention VB O

line: refer 5813 / output 5593
output:	and CC I-NP
refer:	and CC O

line: refer 5820 / output 5600
output:	knocking VBG B-VP
refer:	knocking VBG I-VP

line: refer 5841 / output 5620
output:	that IN B-SBAR
refer:	that IN O

line: refer 5845 / output 5624
output:	first JJ B-ADJP
refer:	first JJ B-ADVP

line: refer 5854 / output 5632
output:	on IN B-PP
refer:	on IN I-ADVP

line: refer 5863 / output 5641
output:	calling VBG B-NP
refer:	calling VBG B-VP

line: refer 5873 / output 5651
output:	to TO B-PP
refer:	to TO B-VP

line: refer 5874 / output 5652
output:	simultaneously RB B-NP
refer:	simultaneously RB I-VP

line: refer 5875 / output 5653
output:	milk NN I-NP
refer:	milk NN I-VP

line: refer 5905 / output 5683
output:	first JJ B-NP
refer:	first JJ B-ADVP

line: refer 5937 / output 5714
output:	just RB B-ADVP
refer:	just RB B-ADJP

line: refer 5938 / output 5715
output:	as IN B-PP
refer:	as IN I-ADJP

line: refer 5939 / output 5716
output:	close RB B-NP
refer:	close RB I-ADJP

line: refer 5955 / output 5731
output:	additional JJ I-NP
refer:	additional JJ B-NP

line: refer 5986 / output 5760
output:	One CD I-NP
refer:	One CD B-NP

line: refer 5990 / output 5764
output:	up IN B-PP
refer:	up IN B-PRT

line: refer 6032 / output 5804
output:	fly VB B-VP
refer:	fly VB I-VP

line: refer 6038 / output 5810
output:	Torrijos NNP B-NP
refer:	Torrijos NNP I-NP

line: refer 6047 / output 5819
output:	including VBG B-VP
refer:	including VBG B-PP

line: refer 6074 / output 5844
output:	Everybody NN I-NP
refer:	Everybody NN B-NP

line: refer 6098 / output 5867
output:	U.S. NNP I-NP
refer:	U.S. NNP B-NP

line: refer 6106 / output 5875
output:	buying VBG B-VP
refer:	buying VBG I-VP

line: refer 6111 / output 5880
output:	conversations NNS B-NP
refer:	conversations NNS I-NP

line: refer 6139 / output 5907
output:	according VBG B-VP
refer:	according VBG B-PP

line: refer 6177 / output 5943
output:	cutting VBG B-VP
refer:	cutting VBG I-VP

line: refer 6224 / output 5988
output:	much JJ B-NP
refer:	much JJ I-ADVP

line: refer 6228 / output 5992
output:	in IN B-PP
refer:	in IN B-PRT

line: refer 6246 / output 6009
output:	worry NN I-NP
refer:	worry NN B-VP

line: refer 6247 / output 6010
output:	whether IN B-PP
refer:	whether IN B-SBAR

line: refer 6251 / output 6014
output:	sensitive JJ I-NP
refer:	sensitive JJ B-NP

line: refer 6259 / output 6022
output:	or CC I-NP
refer:	or CC O

line: refer 6260 / output 6023
output:	others NNS I-NP
refer:	others NNS B-NP

line: refer 6267 / output 6029
output:	troubled JJ B-ADJP
refer:	troubled JJ I-VP

line: refer 6268 / output 6030
output:	enough RB I-NP
refer:	enough RB B-ADVP

line: refer 6289 / output 6050
output:	soon RB I-NP
refer:	soon RB B-ADVP

line: refer 6291 / output 6052
output:	new JJ I-NP
refer:	new JJ B-NP

line: refer 6296 / output 6057
output:	gun-running JJ B-ADJP
refer:	gun-running JJ B-NP

line: refer 6310 / output 6070
output:	illegally RB B-NP
refer:	illegally RB B-VP

line: refer 6311 / output 6071
output:	running VBG I-NP
refer:	running VBG I-VP

line: refer 6352 / output 6110
output:	in IN B-PP
refer:	in IN B-PRT

line: refer 6374 / output 6131
output:	flirting VBG B-VP
refer:	flirting VBG I-VP

line: refer 6406 / output 6161
output:	and CC O
refer:	and CC I-NP

line: refer 6419 / output 6174
output:	made VBN I-NP
refer:	made VBN B-VP

line: refer 6428 / output 6183
output:	as RB I-NP
refer:	as RB B-ADVP

line: refer 6429 / output 6184
output:	soon RB B-ADVP
refer:	soon RB I-ADVP

line: refer 6433 / output 6188
output:	U.S. NNP I-NP
refer:	U.S. NNP B-NP

line: refer 6455 / output 6207
output:	According VBG B-VP
refer:	According VBG B-PP

line: refer 6478 / output 6230
output:	waiting VBG B-VP
refer:	waiting VBG I-VP

line: refer 6490 / output 6241
output:	, , O
refer:	, , I-NP

count: 555
